2023-01-17 08:54:39,186 [main] INFO 30JulyEcommerce - Open commerce URL
2023-01-17 08:54:39,460 [main] INFO 30JulyEcommerce - Enter user mailL
2023-01-17 08:58:38,882 [main] INFO 30JulyEcommerce - Open commerce URL
2023-01-17 08:58:42,186 [main] INFO 30JulyEcommerce - Enter user mailL
2023-01-17 08:59:51,752 [main] INFO 30JulyEcommerce - Open commerce URL
2023-01-17 08:59:55,045 [main] INFO 30JulyEcommerce - Enter user mailL
2023-01-17 08:59:58,168 [main] INFO 30JulyEcommerce - Enter User password
2023-01-17 09:00:01,892 [main] INFO 30JulyEcommerce - Clicked on longin button
2023-01-18 08:03:56,751 [main] INFO 30JulyEcommerce - Open URL
2023-01-18 08:04:00,057 [main] INFO 30JulyEcommerce - Enter user mailL
2023-01-18 08:04:03,186 [main] INFO 30JulyEcommerce - Enter User password
2023-01-18 08:04:08,129 [main] INFO 30JulyEcommerce - Clicked on longin button
2023-01-18 08:04:11,141 [main] INFO 30JulyEcommerce - Login successfully
2023-01-18 08:23:00,313 [main] INFO 30JulyEcommerce - Open URL
2023-01-18 08:23:03,620 [main] INFO 30JulyEcommerce - Enter user mailL
2023-01-18 08:23:06,749 [main] INFO 30JulyEcommerce - Enter User password
2023-01-18 08:23:11,194 [main] INFO 30JulyEcommerce - Clicked on longin button
2023-01-18 08:24:43,506 [main] INFO 30JulyEcommerce - Open URL
2023-01-18 08:24:46,816 [main] INFO 30JulyEcommerce - Enter user mailL
2023-01-18 08:24:49,942 [main] INFO 30JulyEcommerce - Enter User password
2023-01-18 08:24:54,395 [main] INFO 30JulyEcommerce - Clicked on longin button
2023-01-18 08:28:09,942 [main] INFO 30JulyEcommerce - Open URL
2023-01-18 08:28:13,239 [main] INFO 30JulyEcommerce - Enter user mailL
2023-01-18 08:28:16,370 [main] INFO 30JulyEcommerce - Enter User password
2023-01-18 08:28:20,805 [main] INFO 30JulyEcommerce - Clicked on longin button
2023-01-18 08:33:18,789 [main] INFO 30JulyEcommerce - Open URL
2023-01-18 08:33:22,081 [main] INFO 30JulyEcommerce - Enter user mailL
2023-01-18 08:33:25,201 [main] INFO 30JulyEcommerce - Enter User password
2023-01-18 08:33:29,628 [main] INFO 30JulyEcommerce - Clicked on longin button
2023-01-18 08:36:38,032 [main] INFO 30JulyEcommerce - Open URL
2023-01-18 08:36:41,343 [main] INFO 30JulyEcommerce - Enter user mailL
2023-01-18 08:36:44,471 [main] INFO 30JulyEcommerce - Enter User password
2023-01-18 08:36:48,898 [main] INFO 30JulyEcommerce - Clicked on longin button
2023-01-18 08:40:14,572 [main] INFO 30JulyEcommerce - Open URL
2023-01-18 08:40:17,856 [main] INFO 30JulyEcommerce - Enter user mailL
2023-01-18 08:40:20,984 [main] INFO 30JulyEcommerce - Enter User password
2023-01-18 08:40:25,454 [main] INFO 30JulyEcommerce - Clicked on longin button
2023-01-18 08:43:35,992 [main] INFO 30JulyEcommerce - Open URL
2023-01-18 08:43:39,324 [main] INFO 30JulyEcommerce - Enter user mailL
2023-01-18 08:43:42,449 [main] INFO 30JulyEcommerce - Enter User password
2023-01-18 08:43:46,891 [main] INFO 30JulyEcommerce - Clicked on longin button
2023-01-18 09:13:13,975 [main] INFO 30JulyEcommerce - Open URL
2023-01-18 09:13:17,283 [main] INFO 30JulyEcommerce - Enter user mailL
2023-01-18 09:13:20,406 [main] INFO 30JulyEcommerce - Enter User password
2023-01-18 09:13:24,936 [main] INFO 30JulyEcommerce - Clicked on longin button
2023-01-18 09:14:35,031 [main] INFO 30JulyEcommerce - Open URL
2023-01-18 09:14:38,314 [main] INFO 30JulyEcommerce - Enter user mailL
2023-01-18 09:14:41,438 [main] INFO 30JulyEcommerce - Enter User password
2023-01-18 09:14:45,916 [main] INFO 30JulyEcommerce - Clicked on longin button
2023-01-18 09:15:22,838 [main] INFO 30JulyEcommerce - Open URL
2023-01-18 09:15:26,108 [main] INFO 30JulyEcommerce - Enter user mailL
2023-01-18 09:15:29,248 [main] INFO 30JulyEcommerce - Enter User password
2023-01-18 09:15:33,659 [main] INFO 30JulyEcommerce - Clicked on longin button
2023-01-18 19:32:13,070 [main] INFO 30JulyEcommerce - Open URL
2023-01-18 19:32:16,469 [main] INFO 30JulyEcommerce - Enter user mailL
2023-01-18 19:32:19,646 [main] INFO 30JulyEcommerce - Enter User password
2023-01-18 19:32:24,171 [main] INFO 30JulyEcommerce - Clicked on longin button
2023-01-19 08:25:14,645 [main] INFO 30JulyEcommerce - Open URL
2023-01-19 08:25:17,963 [main] INFO 30JulyEcommerce - Enter user mailL
2023-01-19 08:25:21,104 [main] INFO 30JulyEcommerce - Enter User password
2023-01-19 08:25:24,838 [main] INFO 30JulyEcommerce - Clicked on longin button
2023-01-19 08:25:31,779 [main] INFO 30JulyEcommerce - Mouseover on computer
2023-01-19 08:27:22,106 [main] INFO 30JulyEcommerce - Open URL
2023-01-19 08:27:25,408 [main] INFO 30JulyEcommerce - Enter user mailL
2023-01-19 08:27:28,552 [main] INFO 30JulyEcommerce - Enter User password
2023-01-19 08:27:32,775 [main] INFO 30JulyEcommerce - Clicked on longin button
2023-01-19 08:27:35,971 [main] INFO 30JulyEcommerce - Mouseover on computer
2023-01-19 08:27:36,599 [main] INFO 30JulyEcommerce - Clicked on NotebookText
2023-01-19 08:29:49,420 [main] INFO 30JulyEcommerce - Open URL
2023-01-19 08:29:52,718 [main] INFO 30JulyEcommerce - Enter user mailL
2023-01-19 08:29:55,864 [main] INFO 30JulyEcommerce - Enter User password
2023-01-19 08:30:00,761 [main] INFO 30JulyEcommerce - Clicked on longin button
2023-01-19 08:30:03,927 [main] INFO 30JulyEcommerce - Mouseover on computer
2023-01-19 08:30:04,787 [main] INFO 30JulyEcommerce - Clicked on NotebookText
2023-01-19 08:30:06,641 [main] INFO 30JulyEcommerce - Product selected
2023-01-19 08:30:06,722 [main] INFO 30JulyEcommerce - Add to cart
2023-01-19 08:30:07,080 [main] INFO 30JulyEcommerce - Verified message
2023-01-19 08:30:07,143 [main] INFO 30JulyEcommerce - Clciked on close Tab
2023-01-19 09:00:23,233 [main] INFO 30JulyEcommerce - Open URL
2023-01-19 09:00:26,538 [main] INFO 30JulyEcommerce - Enter user mailL
2023-01-19 09:00:29,694 [main] INFO 30JulyEcommerce - Enter User password
2023-01-19 09:00:34,641 [main] INFO 30JulyEcommerce - Clicked on longin button
2023-01-19 09:00:46,074 [main] INFO 30JulyEcommerce - Open URL
2023-01-19 09:00:49,305 [main] INFO 30JulyEcommerce - Enter user mailL
2023-01-19 09:00:52,420 [main] INFO 30JulyEcommerce - Enter User password
2023-01-19 09:00:56,591 [main] INFO 30JulyEcommerce - Clicked on longin button
2023-01-19 09:00:59,764 [main] INFO 30JulyEcommerce - Mouseover on computer
2023-01-19 09:01:00,669 [main] INFO 30JulyEcommerce - Clicked on NotebookText
2023-01-19 09:01:01,865 [main] INFO 30JulyEcommerce - Product selected
2023-01-19 09:01:01,932 [main] INFO 30JulyEcommerce - Add to cart
2023-01-19 09:01:02,750 [main] INFO 30JulyEcommerce - Verified message
2023-01-19 09:01:02,805 [main] INFO 30JulyEcommerce - Clciked on close Tab
2023-01-19 20:43:43,189 [main] INFO 30JulyEcommerce - Open URL
2023-01-19 20:43:46,514 [main] INFO 30JulyEcommerce - Enter user mailL
2023-01-19 20:43:49,702 [main] INFO 30JulyEcommerce - Enter User password
2023-01-19 20:43:54,114 [main] INFO 30JulyEcommerce - Clicked on longin button
2023-01-19 20:44:01,678 [main] INFO 30JulyEcommerce - Open URL
2023-01-19 20:45:39,779 [main] INFO 30JulyEcommerce - Open URL
2023-01-19 20:45:43,109 [main] INFO 30JulyEcommerce - Enter user mailL
2023-01-19 20:45:46,236 [main] INFO 30JulyEcommerce - Enter User password
2023-01-19 20:45:51,133 [main] INFO 30JulyEcommerce - Clicked on longin button
2023-01-19 20:46:00,489 [main] INFO 30JulyEcommerce - Open URL
2023-01-19 20:46:03,673 [main] INFO 30JulyEcommerce - Enter user mailL
2023-01-19 20:46:06,810 [main] INFO 30JulyEcommerce - Enter User password
2023-01-19 20:46:11,651 [main] INFO 30JulyEcommerce - Clicked on longin button
2023-01-19 20:46:15,376 [main] INFO 30JulyEcommerce - Mouseover on computer
2023-01-19 20:46:17,033 [main] INFO 30JulyEcommerce - Clicked on NotebookText
2023-01-19 21:07:33,669 [main] INFO 30JulyEcommerce - Open URL
2023-01-19 21:07:36,930 [main] INFO 30JulyEcommerce - Enter user mail
2023-01-19 21:07:40,078 [main] INFO 30JulyEcommerce - Enter User password
2023-01-19 21:07:44,946 [main] INFO 30JulyEcommerce - Clicked on login button
2023-01-19 21:07:48,168 [main] INFO 30JulyEcommerce - Login successfully
2023-01-19 21:07:51,940 [main] INFO 30JulyEcommerce - Open URL
2023-01-19 21:07:55,158 [main] INFO 30JulyEcommerce - Enter user mail
2023-01-19 21:07:58,298 [main] INFO 30JulyEcommerce - Enter User password
2023-01-19 21:08:03,199 [main] INFO 30JulyEcommerce - Clicked on login button
2023-01-19 21:08:06,489 [main] INFO 30JulyEcommerce - Mouseover on computer
2023-01-19 21:08:07,387 [main] INFO 30JulyEcommerce - Clicked on NotebookText
2023-01-19 21:09:22,578 [main] INFO 30JulyEcommerce - Open URL
2023-01-19 21:09:25,835 [main] INFO 30JulyEcommerce - Enter user mail
2023-01-19 21:09:28,991 [main] INFO 30JulyEcommerce - Enter User password
2023-01-19 21:09:33,590 [main] INFO 30JulyEcommerce - Clicked on login button
2023-01-19 21:09:41,027 [main] INFO 30JulyEcommerce - Open URL
2023-01-19 21:09:44,250 [main] INFO 30JulyEcommerce - Enter user mail
2023-01-19 21:09:47,465 [main] INFO 30JulyEcommerce - Enter User password
2023-01-19 21:09:51,777 [main] INFO 30JulyEcommerce - Clicked on login button
2023-01-19 21:10:18,536 [main] INFO 30JulyEcommerce - Open URL
2023-01-19 21:10:21,709 [main] INFO 30JulyEcommerce - Enter user mail
2023-01-19 21:10:24,850 [main] INFO 30JulyEcommerce - Enter User password
2023-01-19 21:10:28,432 [main] INFO 30JulyEcommerce - Clicked on login button
2023-01-20 21:29:28,492 [main] INFO 30JulyEcommerce - New customer registration
2023-01-20 21:29:29,162 [main] INFO 30JulyEcommerce - Click on register nutton
2023-01-20 21:29:29,319 [main] INFO 30JulyEcommerce - First name
2023-01-20 21:29:29,517 [main] INFO 30JulyEcommerce - Last name
2023-01-20 21:29:29,736 [main] INFO 30JulyEcommerce - Users email
2023-01-20 21:29:29,878 [main] INFO 30JulyEcommerce - Enter Password
2023-01-20 21:29:30,013 [main] INFO 30JulyEcommerce - Confirm password
2023-01-20 21:29:30,901 [main] INFO 30JulyEcommerce - Click on register button
2023-01-20 21:29:30,973 [main] INFO 30JulyEcommerce - Registration completed
2023-01-20 22:05:09,050 [main] INFO 30JulyEcommerce - Open URL
2023-01-20 22:05:10,405 [main] INFO 30JulyEcommerce - Enter user mail
2023-01-20 22:05:11,684 [main] INFO 30JulyEcommerce - Enter User password
2023-01-20 22:05:17,553 [main] INFO 30JulyEcommerce - Clicked on login button
2023-01-20 22:05:18,744 [main] INFO 30JulyEcommerce - Mouseover on Apparel
2023-01-20 22:05:23,181 [main] INFO 30JulyEcommerce - Click on Shoes
2023-01-20 22:05:23,278 [main] INFO 30JulyEcommerce - Filter section is display
2023-01-20 22:05:23,394 [main] INFO 30JulyEcommerce - Select colour
2023-01-20 22:07:57,438 [main] INFO 30JulyEcommerce - Open URL
2023-01-20 22:07:58,758 [main] INFO 30JulyEcommerce - Enter user mail
2023-01-20 22:07:59,908 [main] INFO 30JulyEcommerce - Enter User password
2023-01-20 22:08:06,465 [main] INFO 30JulyEcommerce - Clicked on login button
2023-01-20 22:08:07,657 [main] INFO 30JulyEcommerce - Mouseover on Apparel
2023-01-20 22:08:09,981 [main] INFO 30JulyEcommerce - Click on Shoes
2023-01-20 22:08:10,058 [main] INFO 30JulyEcommerce - Filter section is display
2023-01-20 22:08:10,158 [main] INFO 30JulyEcommerce - Select colour
2023-01-20 22:08:10,237 [main] INFO 30JulyEcommerce - Red shoes is diplay
2023-01-21 00:20:37,279 [main] INFO 30JulyEcommerce - New customer registration
2023-01-21 00:20:39,175 [main] INFO 30JulyEcommerce - Click on register nutton
2023-01-21 00:20:39,329 [main] INFO 30JulyEcommerce - First name
2023-01-21 00:20:39,462 [main] INFO 30JulyEcommerce - Last name
2023-01-21 00:20:39,617 [main] INFO 30JulyEcommerce - Users email
2023-01-21 00:20:39,751 [main] INFO 30JulyEcommerce - Enter Password
2023-01-21 00:20:39,878 [main] INFO 30JulyEcommerce - Confirm password
2023-01-21 00:20:40,980 [main] INFO 30JulyEcommerce - Click on register button
2023-01-21 00:20:41,054 [main] INFO 30JulyEcommerce - Registration completed
2023-01-21 00:26:22,464 [main] INFO 30JulyEcommerce - Open URL
2023-01-21 00:26:23,820 [main] INFO 30JulyEcommerce - Enter user mail
2023-01-21 00:26:25,057 [main] INFO 30JulyEcommerce - Enter User password
2023-01-21 00:26:26,850 [main] INFO 30JulyEcommerce - Clicked on login button
2023-01-21 00:26:32,120 [main] INFO 30JulyEcommerce - Open URL
2023-01-21 00:26:33,456 [main] INFO 30JulyEcommerce - Enter user mail
2023-01-21 00:26:34,655 [main] INFO 30JulyEcommerce - Enter User password
2023-01-21 00:26:36,425 [main] INFO 30JulyEcommerce - Clicked on login button
2023-01-21 00:26:41,247 [main] INFO 30JulyEcommerce - Open URL
2023-01-21 00:26:42,476 [main] INFO 30JulyEcommerce - Enter user mail
2023-01-21 00:26:43,628 [main] INFO 30JulyEcommerce - Enter User password
2023-01-21 00:26:46,569 [main] INFO 30JulyEcommerce - Clicked on login button
2023-01-21 00:26:51,003 [main] INFO 30JulyEcommerce - Open URL
2023-01-21 00:26:52,218 [main] INFO 30JulyEcommerce - Enter user mail
2023-01-21 00:26:53,372 [main] INFO 30JulyEcommerce - Enter User password
2023-01-21 00:26:55,807 [main] INFO 30JulyEcommerce - Clicked on login button
2023-01-21 00:28:48,669 [main] INFO 30JulyEcommerce - Open URL
2023-01-21 00:28:49,967 [main] INFO 30JulyEcommerce - Enter user mail
2023-01-21 00:28:51,148 [main] INFO 30JulyEcommerce - Enter User password
2023-01-21 00:28:52,790 [main] INFO 30JulyEcommerce - Clicked on login button
2023-01-21 00:28:58,032 [main] INFO 30JulyEcommerce - Open URL
2023-01-21 00:28:59,219 [main] INFO 30JulyEcommerce - Enter user mail
2023-01-21 00:29:00,386 [main] INFO 30JulyEcommerce - Enter User password
2023-01-21 00:29:02,863 [main] INFO 30JulyEcommerce - Clicked on login button
2023-01-21 00:29:07,652 [main] INFO 30JulyEcommerce - Open URL
2023-01-21 00:29:08,817 [main] INFO 30JulyEcommerce - Enter user mail
2023-01-21 00:29:09,947 [main] INFO 30JulyEcommerce - Enter User password
2023-01-21 00:29:11,599 [main] INFO 30JulyEcommerce - Clicked on login button
2023-01-21 00:29:16,163 [main] INFO 30JulyEcommerce - Open URL
2023-01-21 00:29:17,363 [main] INFO 30JulyEcommerce - Enter user mail
2023-01-21 00:29:18,567 [main] INFO 30JulyEcommerce - Enter User password
2023-01-21 00:29:20,195 [main] INFO 30JulyEcommerce - Clicked on login button
2023-01-21 00:33:25,677 [main] INFO 30JulyEcommerce - Open URL
2023-01-21 00:33:26,908 [main] INFO 30JulyEcommerce - Enter user mail
2023-01-21 00:33:28,205 [main] INFO 30JulyEcommerce - Enter User password
2023-01-21 00:33:30,686 [main] INFO 30JulyEcommerce - Clicked on login button
2023-01-21 00:33:36,977 [main] INFO 30JulyEcommerce - Open URL
2023-01-21 00:33:38,668 [main] INFO 30JulyEcommerce - Enter user mail
2023-01-21 00:33:39,832 [main] INFO 30JulyEcommerce - Enter User password
2023-01-21 00:33:41,543 [main] INFO 30JulyEcommerce - Clicked on login button
2023-01-21 00:33:46,312 [main] INFO 30JulyEcommerce - Open URL
2023-01-21 00:33:47,482 [main] INFO 30JulyEcommerce - Enter user mail
2023-01-21 00:33:48,678 [main] INFO 30JulyEcommerce - Enter User password
2023-01-21 00:34:05,407 [main] INFO 30JulyEcommerce - Open URL
2023-01-21 00:34:06,674 [main] INFO 30JulyEcommerce - Enter user mail
2023-01-21 00:34:07,858 [main] INFO 30JulyEcommerce - Enter User password
2023-01-21 00:34:09,485 [main] INFO 30JulyEcommerce - Clicked on login button
2023-01-21 00:34:14,512 [main] INFO 30JulyEcommerce - Open URL
2023-01-21 00:34:15,668 [main] INFO 30JulyEcommerce - Enter user mail
2023-01-21 00:34:16,836 [main] INFO 30JulyEcommerce - Enter User password
2023-01-21 00:34:18,453 [main] INFO 30JulyEcommerce - Clicked on login button
2023-01-21 00:34:23,119 [main] INFO 30JulyEcommerce - Open URL
2023-01-21 00:34:24,352 [main] INFO 30JulyEcommerce - Enter user mail
2023-01-21 00:34:25,504 [main] INFO 30JulyEcommerce - Enter User password
2023-01-21 00:34:27,140 [main] INFO 30JulyEcommerce - Clicked on login button
2023-01-21 00:34:31,956 [main] INFO 30JulyEcommerce - Open URL
2023-01-21 00:34:33,141 [main] INFO 30JulyEcommerce - Enter user mail
2023-01-21 00:34:34,334 [main] INFO 30JulyEcommerce - Enter User password
2023-01-21 00:34:35,937 [main] INFO 30JulyEcommerce - Clicked on login button
2023-01-21 00:40:50,543 [main] INFO 30JulyEcommerce - Open URL
2023-01-21 00:40:51,986 [main] INFO 30JulyEcommerce - Enter user mail
2023-01-21 00:40:53,198 [main] INFO 30JulyEcommerce - Enter User password
2023-01-21 00:40:55,009 [main] INFO 30JulyEcommerce - Clicked on login button
2023-01-21 00:40:59,753 [main] INFO 30JulyEcommerce - Open URL
2023-01-21 00:41:00,958 [main] INFO 30JulyEcommerce - Enter user mail
2023-01-21 00:41:02,144 [main] INFO 30JulyEcommerce - Enter User password
2023-01-21 00:41:03,742 [main] INFO 30JulyEcommerce - Clicked on login button
2023-01-21 00:41:08,589 [main] INFO 30JulyEcommerce - Open URL
2023-01-21 00:41:09,725 [main] INFO 30JulyEcommerce - Enter user mail
2023-01-21 00:41:10,949 [main] INFO 30JulyEcommerce - Enter User password
2023-01-21 00:41:12,578 [main] INFO 30JulyEcommerce - Clicked on login button
2023-01-21 00:41:18,157 [main] INFO 30JulyEcommerce - Open URL
2023-01-21 00:41:19,371 [main] INFO 30JulyEcommerce - Enter user mail
2023-01-21 00:41:20,563 [main] INFO 30JulyEcommerce - Enter User password
2023-01-21 00:41:22,178 [main] INFO 30JulyEcommerce - Clicked on login button
2023-01-21 00:44:24,074 [main] INFO 30JulyEcommerce - Open URL
2023-01-21 00:44:25,382 [main] INFO 30JulyEcommerce - Enter user mail
2023-01-21 00:44:26,528 [main] INFO 30JulyEcommerce - Enter User password
2023-01-21 00:44:29,081 [main] INFO 30JulyEcommerce - Clicked on login button
2023-01-21 00:45:24,554 [main] INFO 30JulyEcommerce - New customer registration
2023-01-21 00:45:26,231 [main] INFO 30JulyEcommerce - Click on register nutton
2023-01-21 00:45:26,391 [main] INFO 30JulyEcommerce - First name
2023-01-21 00:45:26,558 [main] INFO 30JulyEcommerce - Last name
2023-01-21 00:45:26,725 [main] INFO 30JulyEcommerce - Users email
2023-01-21 00:45:26,860 [main] INFO 30JulyEcommerce - Enter Password
2023-01-21 00:45:27,000 [main] INFO 30JulyEcommerce - Confirm password
2023-01-21 00:45:27,625 [main] INFO 30JulyEcommerce - Click on register button
2023-01-21 00:45:59,524 [main] INFO 30JulyEcommerce - New customer registration
2023-01-21 00:46:00,185 [main] INFO 30JulyEcommerce - Click on register nutton
2023-01-21 00:46:00,324 [main] INFO 30JulyEcommerce - First name
2023-01-21 00:46:00,466 [main] INFO 30JulyEcommerce - Last name
2023-01-21 00:46:00,630 [main] INFO 30JulyEcommerce - Users email
2023-01-21 00:46:00,763 [main] INFO 30JulyEcommerce - Enter Password
2023-01-21 00:46:00,908 [main] INFO 30JulyEcommerce - Confirm password
2023-01-21 00:46:01,712 [main] INFO 30JulyEcommerce - Click on register button
2023-01-21 00:47:01,395 [main] INFO 30JulyEcommerce - New customer registration
2023-01-21 00:47:02,072 [main] INFO 30JulyEcommerce - Click on register nutton
2023-01-21 00:47:02,213 [main] INFO 30JulyEcommerce - First name
2023-01-21 00:47:02,352 [main] INFO 30JulyEcommerce - Last name
2023-01-21 00:47:02,505 [main] INFO 30JulyEcommerce - Users email
2023-01-21 00:47:02,638 [main] INFO 30JulyEcommerce - Enter Password
2023-01-21 00:47:02,773 [main] INFO 30JulyEcommerce - Confirm password
2023-01-21 00:47:03,770 [main] INFO 30JulyEcommerce - Click on register button
2023-01-21 00:47:03,842 [main] INFO 30JulyEcommerce - Registration completed
2023-01-21 00:48:28,091 [main] INFO 30JulyEcommerce - Open URL
2023-01-21 00:48:31,330 [main] INFO 30JulyEcommerce - Enter user mail
2023-01-21 00:48:34,465 [main] INFO 30JulyEcommerce - Enter User password
2023-01-21 00:48:39,504 [main] INFO 30JulyEcommerce - Clicked on login button
2023-01-21 00:48:42,546 [main] INFO 30JulyEcommerce - Login successfully
2023-01-21 00:48:46,578 [main] INFO 30JulyEcommerce - Open URL
2023-01-21 00:48:49,896 [main] INFO 30JulyEcommerce - Enter user mail
2023-01-21 00:48:53,035 [main] INFO 30JulyEcommerce - Enter User password
2023-01-21 00:48:58,349 [main] INFO 30JulyEcommerce - Clicked on login button
2023-01-21 00:49:01,553 [main] INFO 30JulyEcommerce - Mouseover on computer
2023-01-21 00:49:03,566 [main] INFO 30JulyEcommerce - Clicked on NotebookText
2023-01-21 00:49:27,697 [main] INFO 30JulyEcommerce - Open URL
2023-01-21 00:49:30,853 [main] INFO 30JulyEcommerce - Enter user mail
2023-01-21 00:49:33,998 [main] INFO 30JulyEcommerce - Enter User password
2023-01-21 00:49:39,288 [main] INFO 30JulyEcommerce - Clicked on login button
2023-01-21 00:50:02,993 [main] INFO 30JulyEcommerce - New customer registration
2023-01-21 00:50:03,670 [main] INFO 30JulyEcommerce - Click on register nutton
2023-01-21 00:50:03,867 [main] INFO 30JulyEcommerce - First name
2023-01-21 00:50:03,995 [main] INFO 30JulyEcommerce - Last name
2023-01-21 00:50:04,156 [main] INFO 30JulyEcommerce - Users email
2023-01-21 00:50:04,273 [main] INFO 30JulyEcommerce - Enter Password
2023-01-21 00:50:04,402 [main] INFO 30JulyEcommerce - Confirm password
2023-01-21 00:50:05,007 [main] INFO 30JulyEcommerce - Click on register button
2023-01-21 00:50:27,985 [main] INFO 30JulyEcommerce - Open URL
2023-01-21 00:50:29,186 [main] INFO 30JulyEcommerce - Enter user mail
2023-01-21 00:50:30,327 [main] INFO 30JulyEcommerce - Enter User password
2023-01-21 00:50:32,671 [main] INFO 30JulyEcommerce - Clicked on login button
2023-01-21 00:50:33,845 [main] INFO 30JulyEcommerce - Mouseover on Apparel
2023-01-21 00:50:35,539 [main] INFO 30JulyEcommerce - Click on Shoes
2023-01-21 00:50:35,601 [main] INFO 30JulyEcommerce - Filter section is display
2023-01-21 00:50:35,700 [main] INFO 30JulyEcommerce - Select colour
2023-01-21 00:50:35,760 [main] INFO 30JulyEcommerce - Red shoes is display
2023-01-21 00:50:41,375 [main] INFO 30JulyEcommerce - Open URL
2023-01-21 00:50:42,667 [main] INFO 30JulyEcommerce - Enter user mail
2023-01-21 00:50:43,822 [main] INFO 30JulyEcommerce - Enter User password
2023-01-21 00:50:45,427 [main] INFO 30JulyEcommerce - Clicked on login button
2023-01-21 00:50:50,222 [main] INFO 30JulyEcommerce - Open URL
2023-01-21 00:50:51,425 [main] INFO 30JulyEcommerce - Enter user mail
2023-01-21 00:50:52,627 [main] INFO 30JulyEcommerce - Enter User password
2023-01-21 00:50:54,234 [main] INFO 30JulyEcommerce - Clicked on login button
2023-01-21 00:50:59,070 [main] INFO 30JulyEcommerce - Open URL
2023-01-21 00:51:00,228 [main] INFO 30JulyEcommerce - Enter user mail
2023-01-21 00:51:01,366 [main] INFO 30JulyEcommerce - Enter User password
2023-01-21 00:51:02,977 [main] INFO 30JulyEcommerce - Clicked on login button
2023-01-21 00:51:07,648 [main] INFO 30JulyEcommerce - Open URL
2023-01-21 00:51:08,798 [main] INFO 30JulyEcommerce - Enter user mail
2023-01-21 00:51:10,004 [main] INFO 30JulyEcommerce - Enter User password
2023-01-21 00:51:11,618 [main] INFO 30JulyEcommerce - Clicked on login button
2023-01-21 23:46:34,552 [main] INFO 30JulyEcommerce - New customer registration
2023-01-21 23:46:35,942 [main] INFO 30JulyEcommerce - Click on register nutton
2023-01-21 23:46:36,089 [main] INFO 30JulyEcommerce - First name
2023-01-21 23:46:36,230 [main] INFO 30JulyEcommerce - Last name
2023-01-21 23:46:36,405 [main] INFO 30JulyEcommerce - Users email
2023-01-21 23:46:36,547 [main] INFO 30JulyEcommerce - Enter Password
2023-01-21 23:46:36,687 [main] INFO 30JulyEcommerce - Confirm password
2023-01-21 23:46:37,573 [main] INFO 30JulyEcommerce - Click on register button
2023-01-21 23:46:37,641 [main] INFO 30JulyEcommerce - Registration completed
2023-01-22 00:10:02,824 [main] INFO 30JulyEcommerce - Open URL
2023-01-22 00:10:04,122 [main] INFO 30JulyEcommerce - Enter user mail
2023-01-22 00:10:05,351 [main] INFO 30JulyEcommerce - Enter User password
2023-01-22 00:10:07,773 [main] INFO 30JulyEcommerce - Clicked on login button
2023-01-22 00:11:14,855 [main] INFO 30JulyEcommerce - New customer registration
2023-01-22 00:11:16,262 [main] INFO 30JulyEcommerce - Click on register nutton
2023-01-22 00:11:16,449 [main] INFO 30JulyEcommerce - First name
2023-01-22 00:11:16,595 [main] INFO 30JulyEcommerce - Last name
2023-01-22 00:11:16,755 [main] INFO 30JulyEcommerce - Users email
2023-01-22 00:11:16,891 [main] INFO 30JulyEcommerce - Enter Password
2023-01-22 00:11:17,032 [main] INFO 30JulyEcommerce - Confirm password
2023-01-22 00:11:18,000 [main] INFO 30JulyEcommerce - Click on register button
2023-01-22 00:11:18,072 [main] INFO 30JulyEcommerce - Registration completed
2023-01-22 00:11:20,652 [main] INFO 30JulyEcommerce - Open URL
2023-01-22 00:11:21,980 [main] INFO 30JulyEcommerce - Enter user mail
2023-01-22 00:11:23,199 [main] INFO 30JulyEcommerce - Enter User password
2023-01-22 00:11:25,372 [main] INFO 30JulyEcommerce - Clicked on login button
2023-01-22 00:13:43,745 [main] INFO 30JulyEcommerce - New customer registration
2023-01-22 00:13:45,166 [main] INFO 30JulyEcommerce - Click on register nutton
2023-01-22 00:13:45,327 [main] INFO 30JulyEcommerce - First name
2023-01-22 00:13:45,480 [main] INFO 30JulyEcommerce - Last name
2023-01-22 00:13:45,644 [main] INFO 30JulyEcommerce - Users email
2023-01-22 00:13:45,815 [main] INFO 30JulyEcommerce - Enter Password
2023-01-22 00:13:45,991 [main] INFO 30JulyEcommerce - Confirm password
2023-01-22 00:13:46,631 [main] INFO 30JulyEcommerce - Click on register button
2023-01-22 00:14:16,030 [main] INFO 30JulyEcommerce - Open URL
2023-01-22 00:14:17,341 [main] INFO 30JulyEcommerce - Enter user mail
2023-01-22 00:14:18,602 [main] INFO 30JulyEcommerce - Enter User password
2023-01-22 00:14:21,402 [main] INFO 30JulyEcommerce - Clicked on login button
2023-01-22 00:16:04,487 [main] INFO 30JulyEcommerce - Open URL
2023-01-22 00:16:05,755 [main] INFO 30JulyEcommerce - Enter user mail
2023-01-22 00:16:06,934 [main] INFO 30JulyEcommerce - Enter User password
2023-01-22 00:16:09,760 [main] INFO 30JulyEcommerce - Clicked on login button
2023-01-22 00:18:48,369 [main] INFO 30JulyEcommerce - Open URL
2023-01-22 00:18:49,651 [main] INFO 30JulyEcommerce - Enter user mail
2023-01-22 00:18:50,814 [main] INFO 30JulyEcommerce - Enter User password
2023-01-22 00:18:53,572 [main] INFO 30JulyEcommerce - Clicked on login button
2023-01-22 00:21:49,799 [main] INFO 30JulyEcommerce - Open URL
2023-01-22 00:21:51,072 [main] INFO 30JulyEcommerce - Enter user mail
2023-01-22 00:21:52,258 [main] INFO 30JulyEcommerce - Enter User password
2023-01-22 00:21:55,154 [main] INFO 30JulyEcommerce - Clicked on login button
2023-01-22 00:24:01,066 [main] INFO 30JulyEcommerce - Open URL
2023-01-22 00:24:02,355 [main] INFO 30JulyEcommerce - Enter user mail
2023-01-22 00:24:03,535 [main] INFO 30JulyEcommerce - Enter User password
2023-01-22 00:24:06,386 [main] INFO 30JulyEcommerce - Clicked on login button
2023-01-22 00:24:07,572 [main] INFO 30JulyEcommerce - Mouseover on Electronics
2023-01-22 00:24:08,262 [main] INFO 30JulyEcommerce - Click on Camera & Photo
2023-01-22 00:24:08,401 [main] INFO 30JulyEcommerce - Click on Sort By
2023-01-22 00:26:44,226 [main] INFO 30JulyEcommerce - Open URL
2023-01-22 00:26:45,482 [main] INFO 30JulyEcommerce - Enter user mail
2023-01-22 00:26:46,666 [main] INFO 30JulyEcommerce - Enter User password
2023-01-22 00:26:48,777 [main] INFO 30JulyEcommerce - Clicked on login button
2023-01-22 00:26:49,968 [main] INFO 30JulyEcommerce - Mouseover on Electronics
2023-01-22 00:26:50,694 [main] INFO 30JulyEcommerce - Click on Camera & Photo
2023-01-22 00:26:50,807 [main] INFO 30JulyEcommerce - Click on Sort By
2023-01-22 00:29:30,690 [main] INFO 30JulyEcommerce - Open URL
2023-01-22 00:29:32,092 [main] INFO 30JulyEcommerce - Enter user mail
2023-01-22 00:29:33,293 [main] INFO 30JulyEcommerce - Enter User password
2023-01-22 00:29:36,492 [main] INFO 30JulyEcommerce - Clicked on login button
2023-01-22 00:29:37,674 [main] INFO 30JulyEcommerce - Mouseover on Electronics
2023-01-22 00:29:39,609 [main] INFO 30JulyEcommerce - Click on Camera & Photo
2023-01-22 00:29:39,741 [main] INFO 30JulyEcommerce - Click on Sort By
2023-01-22 00:29:39,881 [main] INFO 30JulyEcommerce - Click on Price-A to Z
2023-01-22 00:29:39,957 [main] INFO 30JulyEcommerce - Low price product display first
2023-01-22 00:30:16,799 [main] INFO 30JulyEcommerce - Open URL
2023-01-22 00:30:18,061 [main] INFO 30JulyEcommerce - Enter user mail
2023-01-22 00:30:19,258 [main] INFO 30JulyEcommerce - Enter User password
2023-01-22 00:30:22,548 [main] INFO 30JulyEcommerce - Clicked on login button
2023-01-22 00:30:23,729 [main] INFO 30JulyEcommerce - Mouseover on Electronics
2023-01-22 00:30:24,659 [main] INFO 30JulyEcommerce - Click on Camera & Photo
2023-01-22 00:30:24,778 [main] INFO 30JulyEcommerce - Click on Sort By
2023-01-22 00:30:24,926 [main] INFO 30JulyEcommerce - Click on Price-A to Z
2023-01-22 00:30:24,998 [main] INFO 30JulyEcommerce - Low price product display first
2023-01-22 12:00:48,172 [main] INFO 30JulyEcommerce - Open URL
2023-01-22 12:00:49,394 [main] INFO 30JulyEcommerce - Enter user mail
2023-01-22 12:00:50,549 [main] INFO 30JulyEcommerce - Enter User password
2023-01-22 12:00:52,097 [main] INFO 30JulyEcommerce - Clicked on login button
2023-01-22 12:01:31,670 [main] INFO 30JulyEcommerce - New customer registration
2023-01-22 12:01:32,268 [main] INFO 30JulyEcommerce - Click on register nutton
2023-01-22 12:01:32,396 [main] INFO 30JulyEcommerce - First name
2023-01-22 12:01:32,522 [main] INFO 30JulyEcommerce - Last name
2023-01-22 12:01:32,671 [main] INFO 30JulyEcommerce - Users email
2023-01-22 12:01:32,819 [main] INFO 30JulyEcommerce - Enter Password
2023-01-22 12:01:32,943 [main] INFO 30JulyEcommerce - Confirm password
2023-01-22 12:01:33,795 [main] INFO 30JulyEcommerce - Click on register button
2023-01-22 12:01:33,852 [main] INFO 30JulyEcommerce - Registration completed
2023-01-22 12:01:37,141 [main] INFO 30JulyEcommerce - Open URL
2023-01-22 12:01:38,304 [main] INFO 30JulyEcommerce - Enter user mail
2023-01-22 12:01:39,466 [main] INFO 30JulyEcommerce - Enter User password
2023-01-22 12:01:41,548 [main] INFO 30JulyEcommerce - Clicked on login button
2023-01-22 12:01:41,596 [main] INFO 30JulyEcommerce - Mouseover on Electronics
2023-01-22 12:02:27,733 [main] INFO 30JulyEcommerce - Open URL
2023-01-22 12:02:28,991 [main] INFO 30JulyEcommerce - Enter user mail
2023-01-22 12:02:30,134 [main] INFO 30JulyEcommerce - Enter User password
2023-01-22 12:02:32,509 [main] INFO 30JulyEcommerce - Clicked on login button
2023-01-22 12:02:32,825 [main] INFO 30JulyEcommerce - Mouseover on Electronics
2023-01-22 12:02:33,664 [main] INFO 30JulyEcommerce - Click on Cellphones
2023-01-22 12:05:30,803 [main] INFO 30JulyEcommerce - Open URL
2023-01-22 12:05:32,021 [main] INFO 30JulyEcommerce - Enter user mail
2023-01-22 12:05:33,272 [main] INFO 30JulyEcommerce - Enter User password
2023-01-22 12:05:35,276 [main] INFO 30JulyEcommerce - Clicked on login button
2023-01-22 12:05:35,613 [main] INFO 30JulyEcommerce - Mouseover on Electronics
2023-01-22 12:05:36,325 [main] INFO 30JulyEcommerce - Click on Cellphones
2023-01-22 12:05:38,279 [main] INFO 30JulyEcommerce - Click on product
2023-01-22 12:05:38,784 [main] INFO 30JulyEcommerce - Click on review
2023-01-22 12:05:38,948 [main] INFO 30JulyEcommerce - Text of review
2023-01-22 12:05:39,125 [main] INFO 30JulyEcommerce - Add title of review
2023-01-22 12:05:39,298 [main] INFO 30JulyEcommerce - Add text of review
2023-01-22 12:05:39,402 [main] INFO 30JulyEcommerce - Give the rating
2023-01-22 12:05:40,016 [main] INFO 30JulyEcommerce - Submit review
2023-01-22 12:05:40,088 [main] INFO 30JulyEcommerce - Successfully add the review
2023-01-22 12:10:07,105 [main] INFO 30JulyEcommerce - Open URL
2023-01-22 12:10:08,324 [main] INFO 30JulyEcommerce - Enter user mail
2023-01-22 12:10:09,476 [main] INFO 30JulyEcommerce - Enter User password
2023-01-22 12:10:11,731 [main] INFO 30JulyEcommerce - Clicked on login button
2023-01-22 12:10:41,207 [main] INFO 30JulyEcommerce - New customer registration
2023-01-22 12:10:42,452 [main] INFO 30JulyEcommerce - Click on register nutton
2023-01-22 12:10:42,573 [main] INFO 30JulyEcommerce - First name
2023-01-22 12:10:42,695 [main] INFO 30JulyEcommerce - Last name
2023-01-22 12:10:42,844 [main] INFO 30JulyEcommerce - Users email
2023-01-22 12:10:42,962 [main] INFO 30JulyEcommerce - Enter Password
2023-01-22 12:10:43,086 [main] INFO 30JulyEcommerce - Confirm password
2023-01-22 12:10:43,945 [main] INFO 30JulyEcommerce - Click on register button
2023-01-22 12:10:44,001 [main] INFO 30JulyEcommerce - Registration completed
2023-01-22 12:10:47,291 [main] INFO 30JulyEcommerce - Open URL
2023-01-22 12:10:48,469 [main] INFO 30JulyEcommerce - Enter user mail
2023-01-22 12:10:49,634 [main] INFO 30JulyEcommerce - Enter User password
2023-01-22 12:10:52,651 [main] INFO 30JulyEcommerce - Clicked on login button
2023-01-22 12:10:52,865 [main] INFO 30JulyEcommerce - Mouseover on Electronics
2023-01-22 12:10:53,857 [main] INFO 30JulyEcommerce - Click on Cellphones
2023-01-22 12:10:55,833 [main] INFO 30JulyEcommerce - Click on product
2023-01-22 12:10:56,388 [main] INFO 30JulyEcommerce - Click on review
2023-01-22 12:10:56,486 [main] INFO 30JulyEcommerce - Text of review
2023-01-22 12:10:56,679 [main] INFO 30JulyEcommerce - Add title of review
2023-01-22 12:10:56,876 [main] INFO 30JulyEcommerce - Add text of review
2023-01-22 12:10:56,971 [main] INFO 30JulyEcommerce - Give the rating
2023-01-22 12:10:57,516 [main] INFO 30JulyEcommerce - Submit review
2023-01-22 12:10:57,591 [main] INFO 30JulyEcommerce - Successfully add the review
2023-01-23 12:12:44,668 [main] INFO 30JulyEcommerce - New customer registration
2023-01-23 12:12:46,032 [main] INFO 30JulyEcommerce - Click on register nutton
2023-01-23 12:12:46,158 [main] INFO 30JulyEcommerce - First name
2023-01-23 12:12:46,286 [main] INFO 30JulyEcommerce - Last name
2023-01-23 12:12:46,449 [main] INFO 30JulyEcommerce - Users email
2023-01-23 12:12:46,594 [main] INFO 30JulyEcommerce - Enter Password
2023-01-23 12:12:46,718 [main] INFO 30JulyEcommerce - Confirm password
2023-01-23 12:12:47,632 [main] INFO 30JulyEcommerce - Click on register button
2023-01-23 12:12:47,685 [main] INFO 30JulyEcommerce - Registration completed
2023-01-23 12:12:53,015 [main] INFO 30JulyEcommerce - Open URL
2023-01-23 12:12:54,176 [main] INFO 30JulyEcommerce - Enter user mail
2023-01-23 12:12:55,325 [main] INFO 30JulyEcommerce - Enter User password
2023-01-23 12:12:57,429 [main] INFO 30JulyEcommerce - Clicked on login button
2023-01-23 12:13:03,387 [main] INFO 30JulyEcommerce - Open URL
2023-01-23 12:13:04,710 [main] INFO 30JulyEcommerce - Enter user mail
2023-01-23 12:13:05,870 [main] INFO 30JulyEcommerce - Enter User password
2023-01-23 12:13:08,801 [main] INFO 30JulyEcommerce - Clicked on login button
2023-01-23 12:13:15,733 [main] INFO 30JulyEcommerce - Open URL
2023-01-23 12:13:16,892 [main] INFO 30JulyEcommerce - Enter user mail
2023-01-23 12:13:18,029 [main] INFO 30JulyEcommerce - Enter User password
2023-01-23 12:13:20,914 [main] INFO 30JulyEcommerce - Clicked on login button
2023-01-23 12:13:29,748 [main] INFO 30JulyEcommerce - Open URL
2023-01-23 12:13:30,917 [main] INFO 30JulyEcommerce - Enter user mail
2023-01-23 12:13:32,049 [main] INFO 30JulyEcommerce - Enter User password
2023-01-23 12:13:34,193 [main] INFO 30JulyEcommerce - Clicked on login button
2023-01-23 12:14:55,562 [main] INFO 30JulyEcommerce - New customer registration
2023-01-23 12:14:56,950 [main] INFO 30JulyEcommerce - Click on register nutton
2023-01-23 12:14:57,076 [main] INFO 30JulyEcommerce - First name
2023-01-23 12:14:57,210 [main] INFO 30JulyEcommerce - Last name
2023-01-23 12:14:57,352 [main] INFO 30JulyEcommerce - Users email
2023-01-23 12:14:57,473 [main] INFO 30JulyEcommerce - Enter Password
2023-01-23 12:14:57,597 [main] INFO 30JulyEcommerce - Confirm password
2023-01-23 12:14:58,585 [main] INFO 30JulyEcommerce - Click on register button
2023-01-23 12:14:58,646 [main] INFO 30JulyEcommerce - Registration completed
2023-01-23 12:15:03,743 [main] INFO 30JulyEcommerce - Open URL
2023-01-23 12:15:04,923 [main] INFO 30JulyEcommerce - Enter user mail
2023-01-23 12:15:06,074 [main] INFO 30JulyEcommerce - Enter User password
2023-01-23 12:15:08,270 [main] INFO 30JulyEcommerce - Clicked on login button
2023-01-23 12:15:14,456 [main] INFO 30JulyEcommerce - Open URL
2023-01-23 12:15:15,583 [main] INFO 30JulyEcommerce - Enter user mail
2023-01-23 12:15:16,734 [main] INFO 30JulyEcommerce - Enter User password
2023-01-23 12:15:19,583 [main] INFO 30JulyEcommerce - Clicked on login button
2023-01-23 12:15:26,085 [main] INFO 30JulyEcommerce - Open URL
2023-01-23 12:15:27,251 [main] INFO 30JulyEcommerce - Enter user mail
2023-01-23 12:15:28,415 [main] INFO 30JulyEcommerce - Enter User password
2023-01-23 12:15:30,591 [main] INFO 30JulyEcommerce - Clicked on login button
2023-01-23 12:15:36,481 [main] INFO 30JulyEcommerce - Open URL
2023-01-23 12:15:37,644 [main] INFO 30JulyEcommerce - Enter user mail
2023-01-23 12:15:38,793 [main] INFO 30JulyEcommerce - Enter User password
2023-01-23 12:15:41,680 [main] INFO 30JulyEcommerce - Clicked on login button
2023-01-23 12:17:02,473 [main] INFO 30JulyEcommerce - Open URL
2023-01-23 12:17:03,694 [main] INFO 30JulyEcommerce - Enter user mail
2023-01-23 12:17:04,832 [main] INFO 30JulyEcommerce - Enter User password
2023-01-23 12:17:07,836 [main] INFO 30JulyEcommerce - Clicked on login button
2023-01-23 12:17:13,639 [main] INFO 30JulyEcommerce - Open URL
2023-01-23 12:17:14,798 [main] INFO 30JulyEcommerce - Enter user mail
2023-01-23 12:17:15,928 [main] INFO 30JulyEcommerce - Enter User password
2023-01-23 12:17:18,609 [main] INFO 30JulyEcommerce - Clicked on login button
2023-01-23 12:17:24,410 [main] INFO 30JulyEcommerce - Open URL
2023-01-23 12:17:25,576 [main] INFO 30JulyEcommerce - Enter user mail
2023-01-23 12:17:26,728 [main] INFO 30JulyEcommerce - Enter User password
2023-01-23 12:17:29,661 [main] INFO 30JulyEcommerce - Clicked on login button
2023-01-23 12:17:36,261 [main] INFO 30JulyEcommerce - Open URL
2023-01-23 12:17:37,469 [main] INFO 30JulyEcommerce - Enter user mail
2023-01-23 12:17:38,622 [main] INFO 30JulyEcommerce - Enter User password
2023-01-24 12:29:27,651 [main] INFO 30JulyEcommerce - Open URL
2023-01-24 12:29:31,060 [main] INFO 30JulyEcommerce - Enter user mail
2023-01-24 12:29:34,192 [main] INFO 30JulyEcommerce - Enter User password
2023-01-24 12:29:38,681 [main] INFO 30JulyEcommerce - Clicked on login button
2023-01-24 12:29:47,266 [main] INFO 30JulyEcommerce - Open URL
2023-01-24 12:29:50,768 [main] INFO 30JulyEcommerce - Enter user mail
2023-01-24 12:29:53,908 [main] INFO 30JulyEcommerce - Enter User password
2023-01-24 12:29:58,505 [main] INFO 30JulyEcommerce - Clicked on login button
2023-01-24 12:30:05,048 [main] INFO 30JulyEcommerce - Open URL
2023-01-24 12:30:08,646 [main] INFO 30JulyEcommerce - Enter user mail
2023-01-24 12:30:11,869 [main] INFO 30JulyEcommerce - Enter User password
2023-01-24 12:30:17,432 [main] INFO 30JulyEcommerce - Clicked on login button
2023-01-24 12:30:25,590 [main] INFO 30JulyEcommerce - Open URL
2023-01-24 12:30:28,773 [main] INFO 30JulyEcommerce - Enter user mail
2023-01-24 12:30:31,895 [main] INFO 30JulyEcommerce - Enter User password
2023-01-24 12:30:35,930 [main] INFO 30JulyEcommerce - Clicked on login button
2023-01-24 12:34:55,496 [main] INFO 30JulyEcommerce - Open URL
2023-01-24 12:34:58,759 [main] INFO 30JulyEcommerce - Enter user mail
2023-01-24 12:35:01,897 [main] INFO 30JulyEcommerce - Enter User password
2023-01-24 12:35:05,526 [main] INFO 30JulyEcommerce - Clicked on login button
2023-01-24 12:35:42,205 [main] INFO 30JulyEcommerce - New customer registration
2023-01-24 12:35:42,791 [main] INFO 30JulyEcommerce - Click on register nutton
2023-01-24 12:35:42,927 [main] INFO 30JulyEcommerce - First name
2023-01-24 12:35:43,066 [main] INFO 30JulyEcommerce - Last name
2023-01-24 12:35:43,231 [main] INFO 30JulyEcommerce - Users email
2023-01-24 12:35:43,371 [main] INFO 30JulyEcommerce - Enter Password
2023-01-24 12:35:43,517 [main] INFO 30JulyEcommerce - Confirm password
2023-01-24 12:35:44,487 [main] INFO 30JulyEcommerce - Click on register button
2023-01-24 12:35:44,587 [main] INFO 30JulyEcommerce - Registration completed
2023-01-24 12:39:34,141 [main] INFO 30JulyEcommerce - Open URL
2023-01-24 12:39:37,707 [main] INFO 30JulyEcommerce - Enter user mail
2023-01-24 12:39:40,841 [main] INFO 30JulyEcommerce - Enter User password
2023-01-24 12:39:44,537 [main] INFO 30JulyEcommerce - Clicked on login button
2023-01-24 12:39:50,908 [main] INFO 30JulyEcommerce - Open URL
2023-01-24 12:39:54,119 [main] INFO 30JulyEcommerce - Enter user mail
2023-01-24 12:39:57,264 [main] INFO 30JulyEcommerce - Enter User password
2023-01-24 12:40:01,914 [main] INFO 30JulyEcommerce - Clicked on login button
2023-01-24 12:40:08,936 [main] INFO 30JulyEcommerce - Open URL
2023-01-24 12:40:12,217 [main] INFO 30JulyEcommerce - Enter user mail
2023-01-24 12:40:15,360 [main] INFO 30JulyEcommerce - Enter User password
2023-01-24 12:40:20,247 [main] INFO 30JulyEcommerce - Clicked on login button
2023-01-24 12:40:26,568 [main] INFO 30JulyEcommerce - Open URL
2023-01-24 12:40:29,711 [main] INFO 30JulyEcommerce - Enter user mail
2023-01-24 12:40:32,847 [main] INFO 30JulyEcommerce - Enter User password
2023-01-24 12:41:03,259 [main] INFO 30JulyEcommerce - New customer registration
2023-01-24 12:41:04,987 [main] INFO 30JulyEcommerce - Click on register nutton
2023-01-24 12:41:05,123 [main] INFO 30JulyEcommerce - First name
2023-01-24 12:41:05,268 [main] INFO 30JulyEcommerce - Last name
2023-01-24 12:41:05,426 [main] INFO 30JulyEcommerce - Users email
2023-01-24 12:41:05,581 [main] INFO 30JulyEcommerce - Enter Password
2023-01-24 12:41:05,738 [main] INFO 30JulyEcommerce - Confirm password
2023-01-24 12:41:06,522 [main] INFO 30JulyEcommerce - Click on register button
2023-01-24 12:42:46,861 [main] INFO 30JulyEcommerce - New customer registration
2023-01-24 12:42:48,232 [main] INFO 30JulyEcommerce - Click on register nutton
2023-01-24 12:42:48,391 [main] INFO 30JulyEcommerce - First name
2023-01-24 12:42:48,560 [main] INFO 30JulyEcommerce - Last name
2023-01-24 12:42:48,725 [main] INFO 30JulyEcommerce - Users email
2023-01-24 12:42:48,861 [main] INFO 30JulyEcommerce - Enter Password
2023-01-24 12:42:49,003 [main] INFO 30JulyEcommerce - Confirm password
2023-01-24 12:42:49,954 [main] INFO 30JulyEcommerce - Click on register button
2023-01-24 12:42:50,018 [main] INFO 30JulyEcommerce - Registration completed
2023-01-24 12:43:24,607 [main] INFO 30JulyEcommerce - Open URL
2023-01-24 12:43:27,928 [main] INFO 30JulyEcommerce - Enter user mail
2023-01-24 12:43:31,067 [main] INFO 30JulyEcommerce - Enter User password
2023-01-24 12:43:35,970 [main] INFO 30JulyEcommerce - Clicked on login button
2023-01-24 12:43:45,323 [main] INFO 30JulyEcommerce - Open URL
2023-01-24 12:43:48,535 [main] INFO 30JulyEcommerce - Enter user mail
2023-01-24 12:43:51,663 [main] INFO 30JulyEcommerce - Enter User password
2023-01-24 12:43:56,365 [main] INFO 30JulyEcommerce - Clicked on login button
2023-01-24 12:44:02,136 [main] INFO 30JulyEcommerce - Open URL
2023-01-24 12:44:05,280 [main] INFO 30JulyEcommerce - Enter user mail
2023-01-24 12:44:08,411 [main] INFO 30JulyEcommerce - Enter User password
2023-01-24 12:44:11,978 [main] INFO 30JulyEcommerce - Clicked on login button
2023-01-24 12:44:18,160 [main] INFO 30JulyEcommerce - Open URL
2023-01-24 12:44:21,311 [main] INFO 30JulyEcommerce - Enter user mail
2023-01-24 12:44:24,444 [main] INFO 30JulyEcommerce - Enter User password
2023-01-24 12:44:28,034 [main] INFO 30JulyEcommerce - Clicked on login button
2023-01-24 19:45:38,458 [main] INFO 30JulyEcommerce - Open URL
2023-01-24 19:45:41,698 [main] INFO 30JulyEcommerce - Enter user mail
2023-01-24 19:45:44,872 [main] INFO 30JulyEcommerce - Enter User password
2023-01-24 19:45:48,543 [main] INFO 30JulyEcommerce - Clicked on login button
2023-01-24 19:45:56,819 [main] INFO 30JulyEcommerce - Open URL
2023-01-24 19:46:00,064 [main] INFO 30JulyEcommerce - Enter user mail
2023-01-24 19:46:03,231 [main] INFO 30JulyEcommerce - Enter User password
2023-01-24 19:46:07,787 [main] INFO 30JulyEcommerce - Clicked on login button
2023-01-24 19:46:14,909 [main] INFO 30JulyEcommerce - Open URL
2023-01-24 19:46:18,147 [main] INFO 30JulyEcommerce - Enter user mail
2023-01-24 20:05:42,586 [main] INFO 30JulyEcommerce - Open URL
2023-01-24 20:05:45,819 [main] INFO 30JulyEcommerce - Enter user mail
2023-01-24 20:05:49,266 [main] INFO 30JulyEcommerce - Enter User password
2023-01-24 20:05:53,113 [main] INFO 30JulyEcommerce - Clicked on login button
2023-01-24 20:06:02,082 [main] INFO 30JulyEcommerce - Open URL
2023-01-24 20:06:05,586 [main] INFO 30JulyEcommerce - Enter user mail
2023-01-24 20:06:08,816 [main] INFO 30JulyEcommerce - Enter User password
2023-01-24 20:06:13,822 [main] INFO 30JulyEcommerce - Clicked on login button
