2023-01-17 08:54:39,460 - 30JulyEcommerce -INFO - Enter user mailL
2023-01-17 08:58:38,882 - 30JulyEcommerce -INFO - Open commerce URL
2023-01-17 08:58:42,186 - 30JulyEcommerce -INFO - Enter user mailL
2023-01-17 08:59:51,752 - 30JulyEcommerce -INFO - Open commerce URL
2023-01-17 08:59:55,045 - 30JulyEcommerce -INFO - Enter user mailL
2023-01-17 08:59:58,168 - 30JulyEcommerce -INFO - Enter User password
2023-01-17 09:00:01,892 - 30JulyEcommerce -INFO - Clicked on longin button
2023-01-18 08:03:56,751 - 30JulyEcommerce -INFO - Open URL
2023-01-18 08:04:00,057 - 30JulyEcommerce -INFO - Enter user mailL
2023-01-18 08:04:03,186 - 30JulyEcommerce -INFO - Enter User password
2023-01-18 08:04:08,129 - 30JulyEcommerce -INFO - Clicked on longin button
2023-01-18 08:04:11,141 - 30JulyEcommerce -INFO - Login successfully
2023-01-18 08:23:00,313 - 30JulyEcommerce -INFO - Open URL
2023-01-18 08:23:03,620 - 30JulyEcommerce -INFO - Enter user mailL
2023-01-18 08:23:06,749 - 30JulyEcommerce -INFO - Enter User password
2023-01-18 08:23:11,194 - 30JulyEcommerce -INFO - Clicked on longin button
2023-01-18 08:24:43,506 - 30JulyEcommerce -INFO - Open URL
2023-01-18 08:24:46,816 - 30JulyEcommerce -INFO - Enter user mailL
2023-01-18 08:24:49,942 - 30JulyEcommerce -INFO - Enter User password
2023-01-18 08:24:54,395 - 30JulyEcommerce -INFO - Clicked on longin button
2023-01-18 08:28:09,942 - 30JulyEcommerce -INFO - Open URL
2023-01-18 08:28:13,239 - 30JulyEcommerce -INFO - Enter user mailL
2023-01-18 08:28:16,370 - 30JulyEcommerce -INFO - Enter User password
2023-01-18 08:28:20,805 - 30JulyEcommerce -INFO - Clicked on longin button
2023-01-18 08:33:18,789 - 30JulyEcommerce -INFO - Open URL
2023-01-18 08:33:22,081 - 30JulyEcommerce -INFO - Enter user mailL
2023-01-18 08:33:25,201 - 30JulyEcommerce -INFO - Enter User password
2023-01-18 08:33:29,628 - 30JulyEcommerce -INFO - Clicked on longin button
2023-01-18 08:36:38,032 - 30JulyEcommerce -INFO - Open URL
2023-01-18 08:36:41,343 - 30JulyEcommerce -INFO - Enter user mailL
2023-01-18 08:36:44,471 - 30JulyEcommerce -INFO - Enter User password
2023-01-18 08:36:48,898 - 30JulyEcommerce -INFO - Clicked on longin button
2023-01-18 08:40:14,572 - 30JulyEcommerce -INFO - Open URL
2023-01-18 08:40:17,856 - 30JulyEcommerce -INFO - Enter user mailL
2023-01-18 08:40:20,984 - 30JulyEcommerce -INFO - Enter User password
2023-01-18 08:40:25,454 - 30JulyEcommerce -INFO - Clicked on longin button
2023-01-18 08:43:35,992 - 30JulyEcommerce -INFO - Open URL
2023-01-18 08:43:39,324 - 30JulyEcommerce -INFO - Enter user mailL
2023-01-18 08:43:42,449 - 30JulyEcommerce -INFO - Enter User password
2023-01-18 08:43:46,891 - 30JulyEcommerce -INFO - Clicked on longin button
2023-01-18 09:13:13,975 - 30JulyEcommerce -INFO - Open URL
2023-01-18 09:13:17,283 - 30JulyEcommerce -INFO - Enter user mailL
2023-01-18 09:13:20,406 - 30JulyEcommerce -INFO - Enter User password
2023-01-18 09:13:24,936 - 30JulyEcommerce -INFO - Clicked on longin button
2023-01-18 09:14:35,031 - 30JulyEcommerce -INFO - Open URL
2023-01-18 09:14:38,314 - 30JulyEcommerce -INFO - Enter user mailL
2023-01-18 09:14:41,438 - 30JulyEcommerce -INFO - Enter User password
2023-01-18 09:14:45,916 - 30JulyEcommerce -INFO - Clicked on longin button
2023-01-18 09:15:22,838 - 30JulyEcommerce -INFO - Open URL
2023-01-18 09:15:26,108 - 30JulyEcommerce -INFO - Enter user mailL
2023-01-18 09:15:29,248 - 30JulyEcommerce -INFO - Enter User password
2023-01-18 09:15:33,659 - 30JulyEcommerce -INFO - Clicked on longin button
2023-01-18 19:32:13,070 - 30JulyEcommerce -INFO - Open URL
2023-01-18 19:32:16,469 - 30JulyEcommerce -INFO - Enter user mailL
2023-01-18 19:32:19,646 - 30JulyEcommerce -INFO - Enter User password
2023-01-18 19:32:24,171 - 30JulyEcommerce -INFO - Clicked on longin button
2023-01-19 08:25:14,645 - 30JulyEcommerce -INFO - Open URL
2023-01-19 08:25:17,963 - 30JulyEcommerce -INFO - Enter user mailL
2023-01-19 08:25:21,104 - 30JulyEcommerce -INFO - Enter User password
2023-01-19 08:25:24,838 - 30JulyEcommerce -INFO - Clicked on longin button
2023-01-19 08:25:31,779 - 30JulyEcommerce -INFO - Mouseover on computer
2023-01-19 08:27:22,106 - 30JulyEcommerce -INFO - Open URL
2023-01-19 08:27:25,408 - 30JulyEcommerce -INFO - Enter user mailL
2023-01-19 08:27:28,552 - 30JulyEcommerce -INFO - Enter User password
2023-01-19 08:27:32,775 - 30JulyEcommerce -INFO - Clicked on longin button
2023-01-19 08:27:35,971 - 30JulyEcommerce -INFO - Mouseover on computer
2023-01-19 08:27:36,599 - 30JulyEcommerce -INFO - Clicked on NotebookText
2023-01-19 08:29:49,420 - 30JulyEcommerce -INFO - Open URL
2023-01-19 08:29:52,718 - 30JulyEcommerce -INFO - Enter user mailL
2023-01-19 08:29:55,864 - 30JulyEcommerce -INFO - Enter User password
2023-01-19 08:30:00,761 - 30JulyEcommerce -INFO - Clicked on longin button
2023-01-19 08:30:03,927 - 30JulyEcommerce -INFO - Mouseover on computer
2023-01-19 08:30:04,787 - 30JulyEcommerce -INFO - Clicked on NotebookText
2023-01-19 08:30:06,641 - 30JulyEcommerce -INFO - Product selected
2023-01-19 08:30:06,722 - 30JulyEcommerce -INFO - Add to cart
2023-01-19 08:30:07,080 - 30JulyEcommerce -INFO - Verified message
2023-01-19 08:30:07,143 - 30JulyEcommerce -INFO - Clciked on close Tab
2023-01-19 09:00:23,233 - 30JulyEcommerce -INFO - Open URL
2023-01-19 09:00:26,538 - 30JulyEcommerce -INFO - Enter user mailL
2023-01-19 09:00:29,694 - 30JulyEcommerce -INFO - Enter User password
2023-01-19 09:00:34,641 - 30JulyEcommerce -INFO - Clicked on longin button
2023-01-19 09:00:46,074 - 30JulyEcommerce -INFO - Open URL
2023-01-19 09:00:49,305 - 30JulyEcommerce -INFO - Enter user mailL
2023-01-19 09:00:52,420 - 30JulyEcommerce -INFO - Enter User password
2023-01-19 09:00:56,591 - 30JulyEcommerce -INFO - Clicked on longin button
2023-01-19 09:00:59,764 - 30JulyEcommerce -INFO - Mouseover on computer
2023-01-19 09:01:00,669 - 30JulyEcommerce -INFO - Clicked on NotebookText
2023-01-19 09:01:01,865 - 30JulyEcommerce -INFO - Product selected
2023-01-19 09:01:01,932 - 30JulyEcommerce -INFO - Add to cart
2023-01-19 09:01:02,750 - 30JulyEcommerce -INFO - Verified message
2023-01-19 09:01:02,805 - 30JulyEcommerce -INFO - Clciked on close Tab
2023-01-19 20:43:43,189 - 30JulyEcommerce -INFO - Open URL
2023-01-19 20:43:46,514 - 30JulyEcommerce -INFO - Enter user mailL
2023-01-19 20:43:49,702 - 30JulyEcommerce -INFO - Enter User password
2023-01-19 20:43:54,114 - 30JulyEcommerce -INFO - Clicked on longin button
2023-01-19 20:44:01,678 - 30JulyEcommerce -INFO - Open URL
2023-01-19 20:45:39,779 - 30JulyEcommerce -INFO - Open URL
2023-01-19 20:45:43,109 - 30JulyEcommerce -INFO - Enter user mailL
2023-01-19 20:45:46,236 - 30JulyEcommerce -INFO - Enter User password
2023-01-19 20:45:51,133 - 30JulyEcommerce -INFO - Clicked on longin button
2023-01-19 20:46:00,489 - 30JulyEcommerce -INFO - Open URL
2023-01-19 20:46:03,673 - 30JulyEcommerce -INFO - Enter user mailL
2023-01-19 20:46:06,810 - 30JulyEcommerce -INFO - Enter User password
2023-01-19 20:46:11,651 - 30JulyEcommerce -INFO - Clicked on longin button
2023-01-19 20:46:15,376 - 30JulyEcommerce -INFO - Mouseover on computer
2023-01-19 20:46:17,033 - 30JulyEcommerce -INFO - Clicked on NotebookText
2023-01-19 21:07:33,669 - 30JulyEcommerce -INFO - Open URL
2023-01-19 21:07:36,930 - 30JulyEcommerce -INFO - Enter user mail
2023-01-19 21:07:40,078 - 30JulyEcommerce -INFO - Enter User password
2023-01-19 21:07:44,946 - 30JulyEcommerce -INFO - Clicked on login button
2023-01-19 21:07:48,168 - 30JulyEcommerce -INFO - Login successfully
2023-01-19 21:07:51,940 - 30JulyEcommerce -INFO - Open URL
2023-01-19 21:07:55,158 - 30JulyEcommerce -INFO - Enter user mail
2023-01-19 21:07:58,298 - 30JulyEcommerce -INFO - Enter User password
2023-01-19 21:08:03,199 - 30JulyEcommerce -INFO - Clicked on login button
2023-01-19 21:08:06,489 - 30JulyEcommerce -INFO - Mouseover on computer
2023-01-19 21:08:07,387 - 30JulyEcommerce -INFO - Clicked on NotebookText
2023-01-19 21:09:22,578 - 30JulyEcommerce -INFO - Open URL
2023-01-19 21:09:25,835 - 30JulyEcommerce -INFO - Enter user mail
2023-01-19 21:09:28,991 - 30JulyEcommerce -INFO - Enter User password
2023-01-19 21:09:33,590 - 30JulyEcommerce -INFO - Clicked on login button
2023-01-19 21:09:41,027 - 30JulyEcommerce -INFO - Open URL
2023-01-19 21:09:44,250 - 30JulyEcommerce -INFO - Enter user mail
2023-01-19 21:09:47,465 - 30JulyEcommerce -INFO - Enter User password
2023-01-19 21:09:51,777 - 30JulyEcommerce -INFO - Clicked on login button
2023-01-19 21:10:18,536 - 30JulyEcommerce -INFO - Open URL
2023-01-19 21:10:21,709 - 30JulyEcommerce -INFO - Enter user mail
2023-01-19 21:10:24,850 - 30JulyEcommerce -INFO - Enter User password
2023-01-19 21:10:28,432 - 30JulyEcommerce -INFO - Clicked on login button
2023-01-20 21:29:28,492 - 30JulyEcommerce -INFO - New customer registration
2023-01-20 21:29:29,162 - 30JulyEcommerce -INFO - Click on register nutton
2023-01-20 21:29:29,319 - 30JulyEcommerce -INFO - First name
2023-01-20 21:29:29,517 - 30JulyEcommerce -INFO - Last name
2023-01-20 21:29:29,736 - 30JulyEcommerce -INFO - Users email
2023-01-20 21:29:29,878 - 30JulyEcommerce -INFO - Enter Password
2023-01-20 21:29:30,013 - 30JulyEcommerce -INFO - Confirm password
2023-01-20 21:29:30,901 - 30JulyEcommerce -INFO - Click on register button
2023-01-20 21:29:30,973 - 30JulyEcommerce -INFO - Registration completed
2023-01-20 22:05:09,050 - 30JulyEcommerce -INFO - Open URL
2023-01-20 22:05:10,405 - 30JulyEcommerce -INFO - Enter user mail
2023-01-20 22:05:11,684 - 30JulyEcommerce -INFO - Enter User password
2023-01-20 22:05:17,553 - 30JulyEcommerce -INFO - Clicked on login button
2023-01-20 22:05:18,744 - 30JulyEcommerce -INFO - Mouseover on Apparel
2023-01-20 22:05:23,181 - 30JulyEcommerce -INFO - Click on Shoes
2023-01-20 22:05:23,278 - 30JulyEcommerce -INFO - Filter section is display
2023-01-20 22:05:23,394 - 30JulyEcommerce -INFO - Select colour
2023-01-20 22:07:57,438 - 30JulyEcommerce -INFO - Open URL
2023-01-20 22:07:58,758 - 30JulyEcommerce -INFO - Enter user mail
2023-01-20 22:07:59,908 - 30JulyEcommerce -INFO - Enter User password
2023-01-20 22:08:06,465 - 30JulyEcommerce -INFO - Clicked on login button
2023-01-20 22:08:07,657 - 30JulyEcommerce -INFO - Mouseover on Apparel
2023-01-20 22:08:09,981 - 30JulyEcommerce -INFO - Click on Shoes
2023-01-20 22:08:10,058 - 30JulyEcommerce -INFO - Filter section is display
2023-01-20 22:08:10,158 - 30JulyEcommerce -INFO - Select colour
2023-01-20 22:08:10,237 - 30JulyEcommerce -INFO - Red shoes is diplay
2023-01-21 00:20:37,279 - 30JulyEcommerce -INFO - New customer registration
2023-01-21 00:20:39,175 - 30JulyEcommerce -INFO - Click on register nutton
2023-01-21 00:20:39,329 - 30JulyEcommerce -INFO - First name
2023-01-21 00:20:39,462 - 30JulyEcommerce -INFO - Last name
2023-01-21 00:20:39,617 - 30JulyEcommerce -INFO - Users email
2023-01-21 00:20:39,751 - 30JulyEcommerce -INFO - Enter Password
2023-01-21 00:20:39,878 - 30JulyEcommerce -INFO - Confirm password
2023-01-21 00:20:40,980 - 30JulyEcommerce -INFO - Click on register button
2023-01-21 00:20:41,054 - 30JulyEcommerce -INFO - Registration completed
2023-01-21 00:26:22,464 - 30JulyEcommerce -INFO - Open URL
2023-01-21 00:26:23,820 - 30JulyEcommerce -INFO - Enter user mail
2023-01-21 00:26:25,057 - 30JulyEcommerce -INFO - Enter User password
2023-01-21 00:26:26,850 - 30JulyEcommerce -INFO - Clicked on login button
2023-01-21 00:26:32,120 - 30JulyEcommerce -INFO - Open URL
2023-01-21 00:26:33,456 - 30JulyEcommerce -INFO - Enter user mail
2023-01-21 00:26:34,655 - 30JulyEcommerce -INFO - Enter User password
2023-01-21 00:26:36,425 - 30JulyEcommerce -INFO - Clicked on login button
2023-01-21 00:26:41,247 - 30JulyEcommerce -INFO - Open URL
2023-01-21 00:26:42,476 - 30JulyEcommerce -INFO - Enter user mail
2023-01-21 00:26:43,628 - 30JulyEcommerce -INFO - Enter User password
2023-01-21 00:26:46,569 - 30JulyEcommerce -INFO - Clicked on login button
2023-01-21 00:26:51,003 - 30JulyEcommerce -INFO - Open URL
2023-01-21 00:26:52,218 - 30JulyEcommerce -INFO - Enter user mail
2023-01-21 00:26:53,372 - 30JulyEcommerce -INFO - Enter User password
2023-01-21 00:26:55,807 - 30JulyEcommerce -INFO - Clicked on login button
2023-01-21 00:28:48,669 - 30JulyEcommerce -INFO - Open URL
2023-01-21 00:28:49,967 - 30JulyEcommerce -INFO - Enter user mail
2023-01-21 00:28:51,148 - 30JulyEcommerce -INFO - Enter User password
2023-01-21 00:28:52,790 - 30JulyEcommerce -INFO - Clicked on login button
2023-01-21 00:28:58,032 - 30JulyEcommerce -INFO - Open URL
2023-01-21 00:28:59,219 - 30JulyEcommerce -INFO - Enter user mail
2023-01-21 00:29:00,386 - 30JulyEcommerce -INFO - Enter User password
2023-01-21 00:29:02,863 - 30JulyEcommerce -INFO - Clicked on login button
2023-01-21 00:29:07,652 - 30JulyEcommerce -INFO - Open URL
2023-01-21 00:29:08,817 - 30JulyEcommerce -INFO - Enter user mail
2023-01-21 00:29:09,947 - 30JulyEcommerce -INFO - Enter User password
2023-01-21 00:29:11,599 - 30JulyEcommerce -INFO - Clicked on login button
2023-01-21 00:29:16,163 - 30JulyEcommerce -INFO - Open URL
2023-01-21 00:29:17,363 - 30JulyEcommerce -INFO - Enter user mail
2023-01-21 00:29:18,567 - 30JulyEcommerce -INFO - Enter User password
2023-01-21 00:29:20,195 - 30JulyEcommerce -INFO - Clicked on login button
2023-01-21 00:33:25,677 - 30JulyEcommerce -INFO - Open URL
2023-01-21 00:33:26,908 - 30JulyEcommerce -INFO - Enter user mail
2023-01-21 00:33:28,205 - 30JulyEcommerce -INFO - Enter User password
2023-01-21 00:33:30,686 - 30JulyEcommerce -INFO - Clicked on login button
2023-01-21 00:33:36,977 - 30JulyEcommerce -INFO - Open URL
2023-01-21 00:33:38,668 - 30JulyEcommerce -INFO - Enter user mail
2023-01-21 00:33:39,832 - 30JulyEcommerce -INFO - Enter User password
2023-01-21 00:33:41,543 - 30JulyEcommerce -INFO - Clicked on login button
2023-01-21 00:33:46,312 - 30JulyEcommerce -INFO - Open URL
2023-01-21 00:33:47,482 - 30JulyEcommerce -INFO - Enter user mail
2023-01-21 00:33:48,678 - 30JulyEcommerce -INFO - Enter User password
2023-01-21 00:34:05,407 - 30JulyEcommerce -INFO - Open URL
2023-01-21 00:34:06,674 - 30JulyEcommerce -INFO - Enter user mail
2023-01-21 00:34:07,858 - 30JulyEcommerce -INFO - Enter User password
2023-01-21 00:34:09,485 - 30JulyEcommerce -INFO - Clicked on login button
2023-01-21 00:34:14,512 - 30JulyEcommerce -INFO - Open URL
2023-01-21 00:34:15,668 - 30JulyEcommerce -INFO - Enter user mail
2023-01-21 00:34:16,836 - 30JulyEcommerce -INFO - Enter User password
2023-01-21 00:34:18,453 - 30JulyEcommerce -INFO - Clicked on login button
2023-01-21 00:34:23,119 - 30JulyEcommerce -INFO - Open URL
2023-01-21 00:34:24,352 - 30JulyEcommerce -INFO - Enter user mail
2023-01-21 00:34:25,504 - 30JulyEcommerce -INFO - Enter User password
2023-01-21 00:34:27,140 - 30JulyEcommerce -INFO - Clicked on login button
2023-01-21 00:34:31,956 - 30JulyEcommerce -INFO - Open URL
2023-01-21 00:34:33,141 - 30JulyEcommerce -INFO - Enter user mail
2023-01-21 00:34:34,334 - 30JulyEcommerce -INFO - Enter User password
2023-01-21 00:34:35,937 - 30JulyEcommerce -INFO - Clicked on login button
2023-01-21 00:40:50,543 - 30JulyEcommerce -INFO - Open URL
2023-01-21 00:40:51,986 - 30JulyEcommerce -INFO - Enter user mail
2023-01-21 00:40:53,198 - 30JulyEcommerce -INFO - Enter User password
2023-01-21 00:40:55,009 - 30JulyEcommerce -INFO - Clicked on login button
2023-01-21 00:40:59,753 - 30JulyEcommerce -INFO - Open URL
2023-01-21 00:41:00,958 - 30JulyEcommerce -INFO - Enter user mail
2023-01-21 00:41:02,144 - 30JulyEcommerce -INFO - Enter User password
2023-01-21 00:41:03,742 - 30JulyEcommerce -INFO - Clicked on login button
2023-01-21 00:41:08,589 - 30JulyEcommerce -INFO - Open URL
2023-01-21 00:41:09,725 - 30JulyEcommerce -INFO - Enter user mail
2023-01-21 00:41:10,949 - 30JulyEcommerce -INFO - Enter User password
2023-01-21 00:41:12,578 - 30JulyEcommerce -INFO - Clicked on login button
2023-01-21 00:41:18,157 - 30JulyEcommerce -INFO - Open URL
2023-01-21 00:41:19,371 - 30JulyEcommerce -INFO - Enter user mail
2023-01-21 00:41:20,563 - 30JulyEcommerce -INFO - Enter User password
2023-01-21 00:41:22,178 - 30JulyEcommerce -INFO - Clicked on login button
2023-01-21 00:44:24,074 - 30JulyEcommerce -INFO - Open URL
2023-01-21 00:44:25,382 - 30JulyEcommerce -INFO - Enter user mail
2023-01-21 00:44:26,528 - 30JulyEcommerce -INFO - Enter User password
2023-01-21 00:44:29,081 - 30JulyEcommerce -INFO - Clicked on login button
2023-01-21 00:45:24,554 - 30JulyEcommerce -INFO - New customer registration
2023-01-21 00:45:26,231 - 30JulyEcommerce -INFO - Click on register nutton
2023-01-21 00:45:26,391 - 30JulyEcommerce -INFO - First name
2023-01-21 00:45:26,558 - 30JulyEcommerce -INFO - Last name
2023-01-21 00:45:26,725 - 30JulyEcommerce -INFO - Users email
2023-01-21 00:45:26,860 - 30JulyEcommerce -INFO - Enter Password
2023-01-21 00:45:27,000 - 30JulyEcommerce -INFO - Confirm password
2023-01-21 00:45:27,625 - 30JulyEcommerce -INFO - Click on register button
2023-01-21 00:45:59,524 - 30JulyEcommerce -INFO - New customer registration
2023-01-21 00:46:00,185 - 30JulyEcommerce -INFO - Click on register nutton
2023-01-21 00:46:00,324 - 30JulyEcommerce -INFO - First name
2023-01-21 00:46:00,466 - 30JulyEcommerce -INFO - Last name
2023-01-21 00:46:00,630 - 30JulyEcommerce -INFO - Users email
2023-01-21 00:46:00,763 - 30JulyEcommerce -INFO - Enter Password
2023-01-21 00:46:00,908 - 30JulyEcommerce -INFO - Confirm password
2023-01-21 00:46:01,712 - 30JulyEcommerce -INFO - Click on register button
2023-01-21 00:47:01,395 - 30JulyEcommerce -INFO - New customer registration
2023-01-21 00:47:02,072 - 30JulyEcommerce -INFO - Click on register nutton
2023-01-21 00:47:02,213 - 30JulyEcommerce -INFO - First name
2023-01-21 00:47:02,352 - 30JulyEcommerce -INFO - Last name
2023-01-21 00:47:02,505 - 30JulyEcommerce -INFO - Users email
2023-01-21 00:47:02,638 - 30JulyEcommerce -INFO - Enter Password
2023-01-21 00:47:02,773 - 30JulyEcommerce -INFO - Confirm password
2023-01-21 00:47:03,770 - 30JulyEcommerce -INFO - Click on register button
2023-01-21 00:47:03,842 - 30JulyEcommerce -INFO - Registration completed
2023-01-21 00:48:28,091 - 30JulyEcommerce -INFO - Open URL
2023-01-21 00:48:31,330 - 30JulyEcommerce -INFO - Enter user mail
2023-01-21 00:48:34,465 - 30JulyEcommerce -INFO - Enter User password
2023-01-21 00:48:39,504 - 30JulyEcommerce -INFO - Clicked on login button
2023-01-21 00:48:42,546 - 30JulyEcommerce -INFO - Login successfully
2023-01-21 00:48:46,578 - 30JulyEcommerce -INFO - Open URL
2023-01-21 00:48:49,896 - 30JulyEcommerce -INFO - Enter user mail
2023-01-21 00:48:53,035 - 30JulyEcommerce -INFO - Enter User password
2023-01-21 00:48:58,349 - 30JulyEcommerce -INFO - Clicked on login button
2023-01-21 00:49:01,553 - 30JulyEcommerce -INFO - Mouseover on computer
2023-01-21 00:49:03,566 - 30JulyEcommerce -INFO - Clicked on NotebookText
2023-01-21 00:49:27,697 - 30JulyEcommerce -INFO - Open URL
2023-01-21 00:49:30,853 - 30JulyEcommerce -INFO - Enter user mail
2023-01-21 00:49:33,998 - 30JulyEcommerce -INFO - Enter User password
2023-01-21 00:49:39,288 - 30JulyEcommerce -INFO - Clicked on login button
2023-01-21 00:50:02,993 - 30JulyEcommerce -INFO - New customer registration
2023-01-21 00:50:03,670 - 30JulyEcommerce -INFO - Click on register nutton
2023-01-21 00:50:03,867 - 30JulyEcommerce -INFO - First name
2023-01-21 00:50:03,995 - 30JulyEcommerce -INFO - Last name
2023-01-21 00:50:04,156 - 30JulyEcommerce -INFO - Users email
2023-01-21 00:50:04,273 - 30JulyEcommerce -INFO - Enter Password
2023-01-21 00:50:04,402 - 30JulyEcommerce -INFO - Confirm password
2023-01-21 00:50:05,007 - 30JulyEcommerce -INFO - Click on register button
2023-01-21 00:50:27,985 - 30JulyEcommerce -INFO - Open URL
2023-01-21 00:50:29,186 - 30JulyEcommerce -INFO - Enter user mail
2023-01-21 00:50:30,327 - 30JulyEcommerce -INFO - Enter User password
2023-01-21 00:50:32,671 - 30JulyEcommerce -INFO - Clicked on login button
2023-01-21 00:50:33,845 - 30JulyEcommerce -INFO - Mouseover on Apparel
2023-01-21 00:50:35,539 - 30JulyEcommerce -INFO - Click on Shoes
2023-01-21 00:50:35,601 - 30JulyEcommerce -INFO - Filter section is display
2023-01-21 00:50:35,700 - 30JulyEcommerce -INFO - Select colour
2023-01-21 00:50:35,760 - 30JulyEcommerce -INFO - Red shoes is display
2023-01-21 00:50:41,375 - 30JulyEcommerce -INFO - Open URL
2023-01-21 00:50:42,667 - 30JulyEcommerce -INFO - Enter user mail
2023-01-21 00:50:43,822 - 30JulyEcommerce -INFO - Enter User password
2023-01-21 00:50:45,427 - 30JulyEcommerce -INFO - Clicked on login button
2023-01-21 00:50:50,222 - 30JulyEcommerce -INFO - Open URL
2023-01-21 00:50:51,425 - 30JulyEcommerce -INFO - Enter user mail
2023-01-21 00:50:52,627 - 30JulyEcommerce -INFO - Enter User password
2023-01-21 00:50:54,234 - 30JulyEcommerce -INFO - Clicked on login button
2023-01-21 00:50:59,070 - 30JulyEcommerce -INFO - Open URL
2023-01-21 00:51:00,228 - 30JulyEcommerce -INFO - Enter user mail
2023-01-21 00:51:01,366 - 30JulyEcommerce -INFO - Enter User password
2023-01-21 00:51:02,977 - 30JulyEcommerce -INFO - Clicked on login button
2023-01-21 00:51:07,648 - 30JulyEcommerce -INFO - Open URL
2023-01-21 00:51:08,798 - 30JulyEcommerce -INFO - Enter user mail
2023-01-21 00:51:10,004 - 30JulyEcommerce -INFO - Enter User password
2023-01-21 00:51:11,618 - 30JulyEcommerce -INFO - Clicked on login button
2023-01-21 23:46:34,552 - 30JulyEcommerce -INFO - New customer registration
2023-01-21 23:46:35,942 - 30JulyEcommerce -INFO - Click on register nutton
2023-01-21 23:46:36,089 - 30JulyEcommerce -INFO - First name
2023-01-21 23:46:36,230 - 30JulyEcommerce -INFO - Last name
2023-01-21 23:46:36,405 - 30JulyEcommerce -INFO - Users email
2023-01-21 23:46:36,547 - 30JulyEcommerce -INFO - Enter Password
2023-01-21 23:46:36,687 - 30JulyEcommerce -INFO - Confirm password
2023-01-21 23:46:37,573 - 30JulyEcommerce -INFO - Click on register button
2023-01-21 23:46:37,641 - 30JulyEcommerce -INFO - Registration completed
2023-01-22 00:10:02,824 - 30JulyEcommerce -INFO - Open URL
2023-01-22 00:10:04,122 - 30JulyEcommerce -INFO - Enter user mail
2023-01-22 00:10:05,351 - 30JulyEcommerce -INFO - Enter User password
2023-01-22 00:10:07,773 - 30JulyEcommerce -INFO - Clicked on login button
2023-01-22 00:11:14,855 - 30JulyEcommerce -INFO - New customer registration
2023-01-22 00:11:16,262 - 30JulyEcommerce -INFO - Click on register nutton
2023-01-22 00:11:16,449 - 30JulyEcommerce -INFO - First name
2023-01-22 00:11:16,595 - 30JulyEcommerce -INFO - Last name
2023-01-22 00:11:16,755 - 30JulyEcommerce -INFO - Users email
2023-01-22 00:11:16,891 - 30JulyEcommerce -INFO - Enter Password
2023-01-22 00:11:17,032 - 30JulyEcommerce -INFO - Confirm password
2023-01-22 00:11:18,000 - 30JulyEcommerce -INFO - Click on register button
2023-01-22 00:11:18,072 - 30JulyEcommerce -INFO - Registration completed
2023-01-22 00:11:20,652 - 30JulyEcommerce -INFO - Open URL
2023-01-22 00:11:21,980 - 30JulyEcommerce -INFO - Enter user mail
2023-01-22 00:11:23,199 - 30JulyEcommerce -INFO - Enter User password
2023-01-22 00:11:25,372 - 30JulyEcommerce -INFO - Clicked on login button
2023-01-22 00:13:43,745 - 30JulyEcommerce -INFO - New customer registration
2023-01-22 00:13:45,166 - 30JulyEcommerce -INFO - Click on register nutton
2023-01-22 00:13:45,327 - 30JulyEcommerce -INFO - First name
2023-01-22 00:13:45,480 - 30JulyEcommerce -INFO - Last name
2023-01-22 00:13:45,644 - 30JulyEcommerce -INFO - Users email
2023-01-22 00:13:45,815 - 30JulyEcommerce -INFO - Enter Password
2023-01-22 00:13:45,991 - 30JulyEcommerce -INFO - Confirm password
2023-01-22 00:13:46,631 - 30JulyEcommerce -INFO - Click on register button
2023-01-22 00:14:16,030 - 30JulyEcommerce -INFO - Open URL
2023-01-22 00:14:17,341 - 30JulyEcommerce -INFO - Enter user mail
2023-01-22 00:14:18,602 - 30JulyEcommerce -INFO - Enter User password
2023-01-22 00:14:21,402 - 30JulyEcommerce -INFO - Clicked on login button
2023-01-22 00:16:04,487 - 30JulyEcommerce -INFO - Open URL
2023-01-22 00:16:05,755 - 30JulyEcommerce -INFO - Enter user mail
2023-01-22 00:16:06,934 - 30JulyEcommerce -INFO - Enter User password
2023-01-22 00:16:09,760 - 30JulyEcommerce -INFO - Clicked on login button
2023-01-22 00:18:48,369 - 30JulyEcommerce -INFO - Open URL
2023-01-22 00:18:49,651 - 30JulyEcommerce -INFO - Enter user mail
2023-01-22 00:18:50,814 - 30JulyEcommerce -INFO - Enter User password
2023-01-22 00:18:53,572 - 30JulyEcommerce -INFO - Clicked on login button
2023-01-22 00:21:49,799 - 30JulyEcommerce -INFO - Open URL
2023-01-22 00:21:51,072 - 30JulyEcommerce -INFO - Enter user mail
2023-01-22 00:21:52,258 - 30JulyEcommerce -INFO - Enter User password
2023-01-22 00:21:55,154 - 30JulyEcommerce -INFO - Clicked on login button
2023-01-22 00:24:01,066 - 30JulyEcommerce -INFO - Open URL
2023-01-22 00:24:02,355 - 30JulyEcommerce -INFO - Enter user mail
2023-01-22 00:24:03,535 - 30JulyEcommerce -INFO - Enter User password
2023-01-22 00:24:06,386 - 30JulyEcommerce -INFO - Clicked on login button
2023-01-22 00:24:07,572 - 30JulyEcommerce -INFO - Mouseover on Electronics
2023-01-22 00:24:08,262 - 30JulyEcommerce -INFO - Click on Camera & Photo
2023-01-22 00:24:08,401 - 30JulyEcommerce -INFO - Click on Sort By
2023-01-22 00:26:44,226 - 30JulyEcommerce -INFO - Open URL
2023-01-22 00:26:45,482 - 30JulyEcommerce -INFO - Enter user mail
2023-01-22 00:26:46,666 - 30JulyEcommerce -INFO - Enter User password
2023-01-22 00:26:48,777 - 30JulyEcommerce -INFO - Clicked on login button
2023-01-22 00:26:49,968 - 30JulyEcommerce -INFO - Mouseover on Electronics
2023-01-22 00:26:50,694 - 30JulyEcommerce -INFO - Click on Camera & Photo
2023-01-22 00:26:50,807 - 30JulyEcommerce -INFO - Click on Sort By
2023-01-22 00:29:30,690 - 30JulyEcommerce -INFO - Open URL
2023-01-22 00:29:32,092 - 30JulyEcommerce -INFO - Enter user mail
2023-01-22 00:29:33,293 - 30JulyEcommerce -INFO - Enter User password
2023-01-22 00:29:36,492 - 30JulyEcommerce -INFO - Clicked on login button
2023-01-22 00:29:37,674 - 30JulyEcommerce -INFO - Mouseover on Electronics
2023-01-22 00:29:39,609 - 30JulyEcommerce -INFO - Click on Camera & Photo
2023-01-22 00:29:39,741 - 30JulyEcommerce -INFO - Click on Sort By
2023-01-22 00:29:39,881 - 30JulyEcommerce -INFO - Click on Price-A to Z
2023-01-22 00:29:39,957 - 30JulyEcommerce -INFO - Low price product display first
2023-01-22 00:30:16,799 - 30JulyEcommerce -INFO - Open URL
2023-01-22 00:30:18,061 - 30JulyEcommerce -INFO - Enter user mail
2023-01-22 00:30:19,258 - 30JulyEcommerce -INFO - Enter User password
2023-01-22 00:30:22,548 - 30JulyEcommerce -INFO - Clicked on login button
2023-01-22 00:30:23,729 - 30JulyEcommerce -INFO - Mouseover on Electronics
2023-01-22 00:30:24,659 - 30JulyEcommerce -INFO - Click on Camera & Photo
2023-01-22 00:30:24,778 - 30JulyEcommerce -INFO - Click on Sort By
2023-01-22 00:30:24,926 - 30JulyEcommerce -INFO - Click on Price-A to Z
2023-01-22 00:30:24,998 - 30JulyEcommerce -INFO - Low price product display first
2023-01-22 12:00:48,172 - 30JulyEcommerce -INFO - Open URL
2023-01-22 12:00:49,394 - 30JulyEcommerce -INFO - Enter user mail
2023-01-22 12:00:50,549 - 30JulyEcommerce -INFO - Enter User password
2023-01-22 12:00:52,097 - 30JulyEcommerce -INFO - Clicked on login button
2023-01-22 12:01:31,670 - 30JulyEcommerce -INFO - New customer registration
2023-01-22 12:01:32,268 - 30JulyEcommerce -INFO - Click on register nutton
2023-01-22 12:01:32,396 - 30JulyEcommerce -INFO - First name
2023-01-22 12:01:32,522 - 30JulyEcommerce -INFO - Last name
2023-01-22 12:01:32,671 - 30JulyEcommerce -INFO - Users email
2023-01-22 12:01:32,819 - 30JulyEcommerce -INFO - Enter Password
2023-01-22 12:01:32,943 - 30JulyEcommerce -INFO - Confirm password
2023-01-22 12:01:33,795 - 30JulyEcommerce -INFO - Click on register button
2023-01-22 12:01:33,852 - 30JulyEcommerce -INFO - Registration completed
2023-01-22 12:01:37,141 - 30JulyEcommerce -INFO - Open URL
2023-01-22 12:01:38,304 - 30JulyEcommerce -INFO - Enter user mail
2023-01-22 12:01:39,466 - 30JulyEcommerce -INFO - Enter User password
2023-01-22 12:01:41,548 - 30JulyEcommerce -INFO - Clicked on login button
2023-01-22 12:01:41,596 - 30JulyEcommerce -INFO - Mouseover on Electronics
2023-01-22 12:02:27,733 - 30JulyEcommerce -INFO - Open URL
2023-01-22 12:02:28,991 - 30JulyEcommerce -INFO - Enter user mail
2023-01-22 12:02:30,134 - 30JulyEcommerce -INFO - Enter User password
2023-01-22 12:02:32,509 - 30JulyEcommerce -INFO - Clicked on login button
2023-01-22 12:02:32,825 - 30JulyEcommerce -INFO - Mouseover on Electronics
2023-01-22 12:02:33,664 - 30JulyEcommerce -INFO - Click on Cellphones
2023-01-22 12:05:30,803 - 30JulyEcommerce -INFO - Open URL
2023-01-22 12:05:32,021 - 30JulyEcommerce -INFO - Enter user mail
2023-01-22 12:05:33,272 - 30JulyEcommerce -INFO - Enter User password
2023-01-22 12:05:35,276 - 30JulyEcommerce -INFO - Clicked on login button
2023-01-22 12:05:35,613 - 30JulyEcommerce -INFO - Mouseover on Electronics
2023-01-22 12:05:36,325 - 30JulyEcommerce -INFO - Click on Cellphones
2023-01-22 12:05:38,279 - 30JulyEcommerce -INFO - Click on product
2023-01-22 12:05:38,784 - 30JulyEcommerce -INFO - Click on review
2023-01-22 12:05:38,948 - 30JulyEcommerce -INFO - Text of review
2023-01-22 12:05:39,125 - 30JulyEcommerce -INFO - Add title of review
2023-01-22 12:05:39,298 - 30JulyEcommerce -INFO - Add text of review
2023-01-22 12:05:39,402 - 30JulyEcommerce -INFO - Give the rating
2023-01-22 12:05:40,016 - 30JulyEcommerce -INFO - Submit review
2023-01-22 12:05:40,088 - 30JulyEcommerce -INFO - Successfully add the review
2023-01-22 12:10:07,105 - 30JulyEcommerce -INFO - Open URL
2023-01-22 12:10:08,324 - 30JulyEcommerce -INFO - Enter user mail
2023-01-22 12:10:09,476 - 30JulyEcommerce -INFO - Enter User password
2023-01-22 12:10:11,731 - 30JulyEcommerce -INFO - Clicked on login button
2023-01-22 12:10:41,207 - 30JulyEcommerce -INFO - New customer registration
2023-01-22 12:10:42,452 - 30JulyEcommerce -INFO - Click on register nutton
2023-01-22 12:10:42,573 - 30JulyEcommerce -INFO - First name
2023-01-22 12:10:42,695 - 30JulyEcommerce -INFO - Last name
2023-01-22 12:10:42,844 - 30JulyEcommerce -INFO - Users email
2023-01-22 12:10:42,962 - 30JulyEcommerce -INFO - Enter Password
2023-01-22 12:10:43,086 - 30JulyEcommerce -INFO - Confirm password
2023-01-22 12:10:43,945 - 30JulyEcommerce -INFO - Click on register button
2023-01-22 12:10:44,001 - 30JulyEcommerce -INFO - Registration completed
2023-01-22 12:10:47,291 - 30JulyEcommerce -INFO - Open URL
2023-01-22 12:10:48,469 - 30JulyEcommerce -INFO - Enter user mail
2023-01-22 12:10:49,634 - 30JulyEcommerce -INFO - Enter User password
2023-01-22 12:10:52,651 - 30JulyEcommerce -INFO - Clicked on login button
2023-01-22 12:10:52,865 - 30JulyEcommerce -INFO - Mouseover on Electronics
2023-01-22 12:10:53,857 - 30JulyEcommerce -INFO - Click on Cellphones
2023-01-22 12:10:55,833 - 30JulyEcommerce -INFO - Click on product
2023-01-22 12:10:56,388 - 30JulyEcommerce -INFO - Click on review
2023-01-22 12:10:56,486 - 30JulyEcommerce -INFO - Text of review
2023-01-22 12:10:56,679 - 30JulyEcommerce -INFO - Add title of review
2023-01-22 12:10:56,876 - 30JulyEcommerce -INFO - Add text of review
2023-01-22 12:10:56,971 - 30JulyEcommerce -INFO - Give the rating
2023-01-22 12:10:57,516 - 30JulyEcommerce -INFO - Submit review
2023-01-22 12:10:57,591 - 30JulyEcommerce -INFO - Successfully add the review
2023-01-23 12:12:44,668 - 30JulyEcommerce -INFO - New customer registration
2023-01-23 12:12:46,032 - 30JulyEcommerce -INFO - Click on register nutton
2023-01-23 12:12:46,158 - 30JulyEcommerce -INFO - First name
2023-01-23 12:12:46,286 - 30JulyEcommerce -INFO - Last name
2023-01-23 12:12:46,449 - 30JulyEcommerce -INFO - Users email
2023-01-23 12:12:46,594 - 30JulyEcommerce -INFO - Enter Password
2023-01-23 12:12:46,718 - 30JulyEcommerce -INFO - Confirm password
2023-01-23 12:12:47,632 - 30JulyEcommerce -INFO - Click on register button
2023-01-23 12:12:47,685 - 30JulyEcommerce -INFO - Registration completed
2023-01-23 12:12:53,015 - 30JulyEcommerce -INFO - Open URL
2023-01-23 12:12:54,176 - 30JulyEcommerce -INFO - Enter user mail
2023-01-23 12:12:55,325 - 30JulyEcommerce -INFO - Enter User password
2023-01-23 12:12:57,429 - 30JulyEcommerce -INFO - Clicked on login button
2023-01-23 12:13:03,387 - 30JulyEcommerce -INFO - Open URL
2023-01-23 12:13:04,710 - 30JulyEcommerce -INFO - Enter user mail
2023-01-23 12:13:05,870 - 30JulyEcommerce -INFO - Enter User password
2023-01-23 12:13:08,801 - 30JulyEcommerce -INFO - Clicked on login button
2023-01-23 12:13:15,733 - 30JulyEcommerce -INFO - Open URL
2023-01-23 12:13:16,892 - 30JulyEcommerce -INFO - Enter user mail
2023-01-23 12:13:18,029 - 30JulyEcommerce -INFO - Enter User password
2023-01-23 12:13:20,914 - 30JulyEcommerce -INFO - Clicked on login button
2023-01-23 12:13:29,748 - 30JulyEcommerce -INFO - Open URL
2023-01-23 12:13:30,917 - 30JulyEcommerce -INFO - Enter user mail
2023-01-23 12:13:32,049 - 30JulyEcommerce -INFO - Enter User password
2023-01-23 12:13:34,193 - 30JulyEcommerce -INFO - Clicked on login button
2023-01-23 12:14:55,562 - 30JulyEcommerce -INFO - New customer registration
2023-01-23 12:14:56,950 - 30JulyEcommerce -INFO - Click on register nutton
2023-01-23 12:14:57,076 - 30JulyEcommerce -INFO - First name
2023-01-23 12:14:57,210 - 30JulyEcommerce -INFO - Last name
2023-01-23 12:14:57,352 - 30JulyEcommerce -INFO - Users email
2023-01-23 12:14:57,473 - 30JulyEcommerce -INFO - Enter Password
2023-01-23 12:14:57,597 - 30JulyEcommerce -INFO - Confirm password
2023-01-23 12:14:58,585 - 30JulyEcommerce -INFO - Click on register button
2023-01-23 12:14:58,646 - 30JulyEcommerce -INFO - Registration completed
2023-01-23 12:15:03,743 - 30JulyEcommerce -INFO - Open URL
2023-01-23 12:15:04,923 - 30JulyEcommerce -INFO - Enter user mail
2023-01-23 12:15:06,074 - 30JulyEcommerce -INFO - Enter User password
2023-01-23 12:15:08,270 - 30JulyEcommerce -INFO - Clicked on login button
2023-01-23 12:15:14,456 - 30JulyEcommerce -INFO - Open URL
2023-01-23 12:15:15,583 - 30JulyEcommerce -INFO - Enter user mail
2023-01-23 12:15:16,734 - 30JulyEcommerce -INFO - Enter User password
2023-01-23 12:15:19,583 - 30JulyEcommerce -INFO - Clicked on login button
2023-01-23 12:15:26,085 - 30JulyEcommerce -INFO - Open URL
2023-01-23 12:15:27,251 - 30JulyEcommerce -INFO - Enter user mail
2023-01-23 12:15:28,415 - 30JulyEcommerce -INFO - Enter User password
2023-01-23 12:15:30,591 - 30JulyEcommerce -INFO - Clicked on login button
2023-01-23 12:15:36,481 - 30JulyEcommerce -INFO - Open URL
2023-01-23 12:15:37,644 - 30JulyEcommerce -INFO - Enter user mail
2023-01-23 12:15:38,793 - 30JulyEcommerce -INFO - Enter User password
2023-01-23 12:15:41,680 - 30JulyEcommerce -INFO - Clicked on login button
2023-01-23 12:17:02,473 - 30JulyEcommerce -INFO - Open URL
2023-01-23 12:17:03,694 - 30JulyEcommerce -INFO - Enter user mail
2023-01-23 12:17:04,832 - 30JulyEcommerce -INFO - Enter User password
2023-01-23 12:17:07,836 - 30JulyEcommerce -INFO - Clicked on login button
2023-01-23 12:17:13,639 - 30JulyEcommerce -INFO - Open URL
2023-01-23 12:17:14,798 - 30JulyEcommerce -INFO - Enter user mail
2023-01-23 12:17:15,928 - 30JulyEcommerce -INFO - Enter User password
2023-01-23 12:17:18,609 - 30JulyEcommerce -INFO - Clicked on login button
2023-01-23 12:17:24,410 - 30JulyEcommerce -INFO - Open URL
2023-01-23 12:17:25,576 - 30JulyEcommerce -INFO - Enter user mail
2023-01-23 12:17:26,728 - 30JulyEcommerce -INFO - Enter User password
2023-01-23 12:17:29,661 - 30JulyEcommerce -INFO - Clicked on login button
2023-01-23 12:17:36,261 - 30JulyEcommerce -INFO - Open URL
2023-01-23 12:17:37,469 - 30JulyEcommerce -INFO - Enter user mail
2023-01-23 12:17:38,622 - 30JulyEcommerce -INFO - Enter User password
2023-01-24 12:29:27,651 - 30JulyEcommerce -INFO - Open URL
2023-01-24 12:29:31,060 - 30JulyEcommerce -INFO - Enter user mail
2023-01-24 12:29:34,192 - 30JulyEcommerce -INFO - Enter User password
2023-01-24 12:29:38,681 - 30JulyEcommerce -INFO - Clicked on login button
2023-01-24 12:29:47,266 - 30JulyEcommerce -INFO - Open URL
2023-01-24 12:29:50,768 - 30JulyEcommerce -INFO - Enter user mail
2023-01-24 12:29:53,908 - 30JulyEcommerce -INFO - Enter User password
2023-01-24 12:29:58,505 - 30JulyEcommerce -INFO - Clicked on login button
2023-01-24 12:30:05,048 - 30JulyEcommerce -INFO - Open URL
2023-01-24 12:30:08,646 - 30JulyEcommerce -INFO - Enter user mail
2023-01-24 12:30:11,869 - 30JulyEcommerce -INFO - Enter User password
2023-01-24 12:30:17,432 - 30JulyEcommerce -INFO - Clicked on login button
2023-01-24 12:30:25,590 - 30JulyEcommerce -INFO - Open URL
2023-01-24 12:30:28,773 - 30JulyEcommerce -INFO - Enter user mail
2023-01-24 12:30:31,895 - 30JulyEcommerce -INFO - Enter User password
2023-01-24 12:30:35,930 - 30JulyEcommerce -INFO - Clicked on login button
2023-01-24 12:34:55,496 - 30JulyEcommerce -INFO - Open URL
2023-01-24 12:34:58,759 - 30JulyEcommerce -INFO - Enter user mail
2023-01-24 12:35:01,897 - 30JulyEcommerce -INFO - Enter User password
2023-01-24 12:35:05,526 - 30JulyEcommerce -INFO - Clicked on login button
2023-01-24 12:35:42,205 - 30JulyEcommerce -INFO - New customer registration
2023-01-24 12:35:42,791 - 30JulyEcommerce -INFO - Click on register nutton
2023-01-24 12:35:42,927 - 30JulyEcommerce -INFO - First name
2023-01-24 12:35:43,066 - 30JulyEcommerce -INFO - Last name
2023-01-24 12:35:43,231 - 30JulyEcommerce -INFO - Users email
2023-01-24 12:35:43,371 - 30JulyEcommerce -INFO - Enter Password
2023-01-24 12:35:43,517 - 30JulyEcommerce -INFO - Confirm password
2023-01-24 12:35:44,487 - 30JulyEcommerce -INFO - Click on register button
2023-01-24 12:35:44,587 - 30JulyEcommerce -INFO - Registration completed
2023-01-24 12:39:34,141 - 30JulyEcommerce -INFO - Open URL
2023-01-24 12:39:37,707 - 30JulyEcommerce -INFO - Enter user mail
2023-01-24 12:39:40,841 - 30JulyEcommerce -INFO - Enter User password
2023-01-24 12:39:44,537 - 30JulyEcommerce -INFO - Clicked on login button
2023-01-24 12:39:50,908 - 30JulyEcommerce -INFO - Open URL
2023-01-24 12:39:54,119 - 30JulyEcommerce -INFO - Enter user mail
2023-01-24 12:39:57,264 - 30JulyEcommerce -INFO - Enter User password
2023-01-24 12:40:01,914 - 30JulyEcommerce -INFO - Clicked on login button
2023-01-24 12:40:08,936 - 30JulyEcommerce -INFO - Open URL
2023-01-24 12:40:12,217 - 30JulyEcommerce -INFO - Enter user mail
2023-01-24 12:40:15,360 - 30JulyEcommerce -INFO - Enter User password
2023-01-24 12:40:20,247 - 30JulyEcommerce -INFO - Clicked on login button
2023-01-24 12:40:26,568 - 30JulyEcommerce -INFO - Open URL
2023-01-24 12:40:29,711 - 30JulyEcommerce -INFO - Enter user mail
2023-01-24 12:40:32,847 - 30JulyEcommerce -INFO - Enter User password
2023-01-24 12:41:03,259 - 30JulyEcommerce -INFO - New customer registration
2023-01-24 12:41:04,987 - 30JulyEcommerce -INFO - Click on register nutton
2023-01-24 12:41:05,123 - 30JulyEcommerce -INFO - First name
2023-01-24 12:41:05,268 - 30JulyEcommerce -INFO - Last name
2023-01-24 12:41:05,426 - 30JulyEcommerce -INFO - Users email
2023-01-24 12:41:05,581 - 30JulyEcommerce -INFO - Enter Password
2023-01-24 12:41:05,738 - 30JulyEcommerce -INFO - Confirm password
2023-01-24 12:41:06,522 - 30JulyEcommerce -INFO - Click on register button
2023-01-24 12:42:46,861 - 30JulyEcommerce -INFO - New customer registration
2023-01-24 12:42:48,232 - 30JulyEcommerce -INFO - Click on register nutton
2023-01-24 12:42:48,391 - 30JulyEcommerce -INFO - First name
2023-01-24 12:42:48,560 - 30JulyEcommerce -INFO - Last name
2023-01-24 12:42:48,725 - 30JulyEcommerce -INFO - Users email
2023-01-24 12:42:48,861 - 30JulyEcommerce -INFO - Enter Password
2023-01-24 12:42:49,003 - 30JulyEcommerce -INFO - Confirm password
2023-01-24 12:42:49,954 - 30JulyEcommerce -INFO - Click on register button
2023-01-24 12:42:50,018 - 30JulyEcommerce -INFO - Registration completed
2023-01-24 12:43:24,607 - 30JulyEcommerce -INFO - Open URL
2023-01-24 12:43:27,928 - 30JulyEcommerce -INFO - Enter user mail
2023-01-24 12:43:31,067 - 30JulyEcommerce -INFO - Enter User password
2023-01-24 12:43:35,970 - 30JulyEcommerce -INFO - Clicked on login button
2023-01-24 12:43:45,323 - 30JulyEcommerce -INFO - Open URL
2023-01-24 12:43:48,535 - 30JulyEcommerce -INFO - Enter user mail
2023-01-24 12:43:51,663 - 30JulyEcommerce -INFO - Enter User password
2023-01-24 12:43:56,365 - 30JulyEcommerce -INFO - Clicked on login button
2023-01-24 12:44:02,136 - 30JulyEcommerce -INFO - Open URL
2023-01-24 12:44:05,280 - 30JulyEcommerce -INFO - Enter user mail
2023-01-24 12:44:08,411 - 30JulyEcommerce -INFO - Enter User password
2023-01-24 12:44:11,978 - 30JulyEcommerce -INFO - Clicked on login button
2023-01-24 12:44:18,160 - 30JulyEcommerce -INFO - Open URL
2023-01-24 12:44:21,311 - 30JulyEcommerce -INFO - Enter user mail
2023-01-24 12:44:24,444 - 30JulyEcommerce -INFO - Enter User password
2023-01-24 12:44:28,034 - 30JulyEcommerce -INFO - Clicked on login button
2023-01-24 19:45:38,458 - 30JulyEcommerce -INFO - Open URL
2023-01-24 19:45:41,698 - 30JulyEcommerce -INFO - Enter user mail
2023-01-24 19:45:44,872 - 30JulyEcommerce -INFO - Enter User password
2023-01-24 19:45:48,543 - 30JulyEcommerce -INFO - Clicked on login button
2023-01-24 19:45:56,819 - 30JulyEcommerce -INFO - Open URL
2023-01-24 19:46:00,064 - 30JulyEcommerce -INFO - Enter user mail
2023-01-24 19:46:03,231 - 30JulyEcommerce -INFO - Enter User password
2023-01-24 19:46:07,787 - 30JulyEcommerce -INFO - Clicked on login button
2023-01-24 19:46:14,909 - 30JulyEcommerce -INFO - Open URL
2023-01-24 19:46:18,147 - 30JulyEcommerce -INFO - Enter user mail
2023-01-24 20:05:42,586 - 30JulyEcommerce -INFO - Open URL
2023-01-24 20:05:45,819 - 30JulyEcommerce -INFO - Enter user mail
2023-01-24 20:05:49,266 - 30JulyEcommerce -INFO - Enter User password
2023-01-24 20:05:53,113 - 30JulyEcommerce -INFO - Clicked on login button
2023-01-24 20:06:02,082 - 30JulyEcommerce -INFO - Open URL
2023-01-24 20:06:05,586 - 30JulyEcommerce -INFO - Enter user mail
2023-01-24 20:06:08,816 - 30JulyEcommerce -INFO - Enter User password
2023-01-24 20:06:13,822 - 30JulyEcommerce -INFO - Clicked on login button
